[nguyenanhhao.com/index.html]
[backblue.gif]
[fade.gif]
[index.html]
[cdn.myportfolio.com/b8e13446-a72f-4a67-b5a5-563ac057183c/535d3094-8e00-4b84-a420-abe9be1f56bc_rwc_0x38x4252x3324x4252c80e.jpg]
[nguyenanhhao.com/dist/css/main.css]
[nguyenanhhao.com/work.html]
[nguyenanhhao.com/info.html]
[use.typekit.net/ik/IYupjExU7m-hxdb5HxdpwQUWRa47scMsWRblLset9PMfe0CgfHYEBsJzwD9oFDIDWDZRFcJXjAjawesRwA93Fcjt5QiRFeIX529Xw2ZqZ2Mkw2IX5QM3jAb-qMI7OcuoSeNkieZzde8zOcFzdP37Oco1iW88dcB0-eyydkoRdhXCHKo3ScvkOWZTZWS0dW83da4XZcNC-]
[nguyenanhhao.com/lofficiel-vietnam-the-cover-pride.html]
[cdn.myportfolio.com/b8e13446-a72f-4a67-b5a5-563ac057183c/3c22d548-2319-431e-afe1-fb10d348fdc6_rwc_0x250x1080x844x327f40.png]
[cdn.myportfolio.com/b8e13446-a72f-4a67-b5a5-563ac057183c/535d3094-8e00-4b84-a420-abe9be1f56bc_rwc_0x38x4252x3324x327ec4.jpg]
[nguyenanhhao.com/elle-vietnam-soobin-hoang-son-d-edition.html]
[cdn.myportfolio.com/b8e13446-a72f-4a67-b5a5-563ac057183c/a8292c7a-7245-477b-af2c-4ade8c3e6f70_rwc_390x0x3069x2400x324062.png]
[cdn.myportfolio.com/b8e13446-a72f-4a67-b5a5-563ac057183c/5fae05b6-9478-4ae5-bd50-c4b728f96929_rwc_0x71x7812x6107x32c0f4.jpg]
[nguyenanhhao.com/lofficiel-hommes-vietnam-x-rap-xiec-cong-vien-gia-dinh.html]
[cdn.myportfolio.com/b8e13446-a72f-4a67-b5a5-563ac057183c/8eca4ec4-9636-467c-8fef-06164caa68d1_rwc_0x192x1920x1501x328c15.jpg]
[cdn.myportfolio.com/b8e13446-a72f-4a67-b5a5-563ac057183c/d4e5dadb-d91a-4189-824f-4bfd576b6646_rwc_0x33x3690x2884x32e4a9.jpg]
[nguyenanhhao.com/elle-ha-anh-tuan-match-issue-codes-of-love.html]
[cdn.myportfolio.com/b8e13446-a72f-4a67-b5a5-563ac057183c/93bc484d-a634-4700-bebd-de4f2f6a50ec_rwc_0x289x1200x938x32b78b.jpg]
[cdn.myportfolio.com/b8e13446-a72f-4a67-b5a5-563ac057183c/8c69bfae-1057-4922-9ca7-7aa7819f65d9_rwc_0x42x4723x3692x32a44e.jpg]
[nguyenanhhao.com/abc-collection-one-campaign.html]
[cdn.myportfolio.com/b8e13446-a72f-4a67-b5a5-563ac057183c/bd88aaaf-1dfd-4828-8755-ef5dd2874260_carw_202x158x328cf8.jpg]
[nguyenanhhao.com/see-o-exhibition-2024-hope.html]
[cdn.myportfolio.com/b8e13446-a72f-4a67-b5a5-563ac057183c/f4b41225-bb2f-4c85-8b62-a9a760f77989_carw_202x158x3295aa.jpg]
[nguyenanhhao.com/elle-1224-follow-your-passion.html]
[cdn.myportfolio.com/b8e13446-a72f-4a67-b5a5-563ac057183c/5ec66f6c-7630-4417-95e2-229e17940afd_rwc_257x0x3331x2605x325372.png]
[cdn.myportfolio.com/b8e13446-a72f-4a67-b5a5-563ac057183c/a9b4f42c-be04-4a9a-9337-b9a2fe24b21a_rwc_0x35x3906x3053x32a271.jpg]
[nguyenanhhao.com/binz-ep-keep-cam-ca.html]
[cdn.myportfolio.com/b8e13446-a72f-4a67-b5a5-563ac057183c/f41cebd3-8192-48b1-844e-9712686fd6c6_rwc_540x0x2762x2160x32e28c.gif]
[cdn.myportfolio.com/b8e13446-a72f-4a67-b5a5-563ac057183c/8c91af5c-a590-4526-a8f6-60a6d6cb860f_rwc_540x0x2762x2160x32b983.gif]
[nguyenanhhao.com/elleman-fashion-show-2024-dimensions-of-style.html]
[cdn.myportfolio.com/b8e13446-a72f-4a67-b5a5-563ac057183c/026aa65a-99c5-48e2-9b80-ccd5b36be2cb_carw_202x158x32430c.jpg]
[nguyenanhhao.com/hoang-ku-collab-nhuyen-anh-hao.html]
[cdn.myportfolio.com/b8e13446-a72f-4a67-b5a5-563ac057183c/0dca34eb-713d-4c37-b251-69ce560c9d13_rwc_141x0x1637x1280x32919b.jpg]
[nguyenanhhao.com/lofficiel-vietnam-the-cover-vowing-anthem.html]
[cdn.myportfolio.com/b8e13446-a72f-4a67-b5a5-563ac057183c/769c5413-0c0d-4bbd-be32-76f255617162_rwc_0x445x1920x1501x32b35b.png]
[cdn.myportfolio.com/b8e13446-a72f-4a67-b5a5-563ac057183c/ec927565-871d-4d81-92e2-445688eb75b6_rwc_0x38x4264x3333x32d50e.jpg]
[nguyenanhhao.com/elle-72024-divine-summer.html]
[cdn.myportfolio.com/b8e13446-a72f-4a67-b5a5-563ac057183c/9f768211-fd01-4527-8689-0e17635b597b_rwc_257x0x3334x2606x325a3d.png]
[cdn.myportfolio.com/b8e13446-a72f-4a67-b5a5-563ac057183c/2d2b6ce8-6ff7-4f49-982b-e9bf0e70a56d_rwc_0x71x7812x6107x32c6cc.jpg]
[nguyenanhhao.com/lofficiel-hommes-vietnam-1-the-modern-flaneurs.html]
[cdn.myportfolio.com/b8e13446-a72f-4a67-b5a5-563ac057183c/9d970115-3e4a-4476-bf1a-0ab2de7a040c_rwc_0x123x3020x2361x323410.jpg]
[cdn.myportfolio.com/b8e13446-a72f-4a67-b5a5-563ac057183c/aebc1161-fab0-4e51-9023-efb05096d436_rwc_219x223x819x640x327984.png]
[nguyenanhhao.com/phiet-flower-disorder-campaign-24.html]
[cdn.myportfolio.com/b8e13446-a72f-4a67-b5a5-563ac057183c/c9105783-1661-4804-837b-71c81095174a_rwc_0x1652x6732x5263x32eebd.jpg]
[nguyenanhhao.com/fashion-show-official-campaign.html]
[cdn.myportfolio.com/b8e13446-a72f-4a67-b5a5-563ac057183c/72ebdc4d-46e2-40ba-8ac9-b3356d3592db_carw_202x158x329b90.jpg]
[nguyenanhhao.com/elle-covermay24-chaumet.html]
[cdn.myportfolio.com/b8e13446-a72f-4a67-b5a5-563ac057183c/74d16f97-a3e9-4c16-91b1-c60fc8a1626d_rwc_282x0x3274x2560x32c358.jpg]
[cdn.myportfolio.com/b8e13446-a72f-4a67-b5a5-563ac057183c/a62c4074-f266-4919-830c-c285fe64095f_rwc_0x35x3906x3053x3206cc.png]
[nguyenanhhao.com/heritage-fashion-feb-2024-greening-the-earth.html]
[cdn.myportfolio.com/b8e13446-a72f-4a67-b5a5-563ac057183c/804c37c3-d69e-48e3-a2d7-f6abc5041980_carw_202x158x32ef0b.jpg]
[cdn.myportfolio.com/b8e13446-a72f-4a67-b5a5-563ac057183c/7686d4b8-1e25-4ea1-873c-0932a7fbc439_carw_202x158x328fc7.jpg]
[nguyenanhhao.com/165c4898d8eac1.html]
[cdn.myportfolio.com/b8e13446-a72f-4a67-b5a5-563ac057183c/e588259f-b753-4e5d-a7bd-fe5d9eb9cf83_carw_202x158x32546d.jpg]
[nguyenanhhao.com/lofficiel-vietnam-november-issue-living-heritage.html]
[cdn.myportfolio.com/b8e13446-a72f-4a67-b5a5-563ac057183c/1d3f403a-32e6-42ed-b5c9-e93a508bff62_carw_202x158x325ba2.jpg]
[cdn.myportfolio.com/b8e13446-a72f-4a67-b5a5-563ac057183c/057607c2-992e-4ddd-ae45-55f2d49ef930_carw_202x158x325b24.jpg]
[nguyenanhhao.com/iwannabangkok-in-saigon-for-sickymag.html]
[cdn.myportfolio.com/b8e13446-a72f-4a67-b5a5-563ac057183c/9a64072e-b4c7-41ce-8848-28cf4427a3e2_rwc_282x0x3274x2560x32f169.jpg]
[nguyenanhhao.com/lofficielvncover-proudly-vietnamese-issue-mega-bond.html]
[cdn.myportfolio.com/b8e13446-a72f-4a67-b5a5-563ac057183c/f66a3546-8be0-44f9-8cb9-c3b0ba994956_carw_202x158x32221f.jpg]
[cdn.myportfolio.com/b8e13446-a72f-4a67-b5a5-563ac057183c/cd804b5a-7578-4d38-9fd4-ed06b31ca3a3_carw_202x158x324c5c.jpg]
[nguyenanhhao.com/binz-dan-xinh-in-love-ep.html]
[cdn.myportfolio.com/b8e13446-a72f-4a67-b5a5-563ac057183c/b44a5752-767f-4ca5-95ae-9e2001d4591f_carw_202x158x3258e2.jpg]
[nguyenanhhao.com/rendezvous-cdam-campaign.html]
[cdn.myportfolio.com/b8e13446-a72f-4a67-b5a5-563ac057183c/b4e6e36a-aed3-408c-b68a-c5a8e05cac2e_carw_202x158x32cc44.jpg]
[cdn.myportfolio.com/b8e13446-a72f-4a67-b5a5-563ac057183c/e89d2197-4b39-43d3-8950-fa1d27c09f8c_carw_202x158x32c760.jpg]
[nguyenanhhao.com/1662e54962aaaa.html]
[cdn.myportfolio.com/b8e13446-a72f-4a67-b5a5-563ac057183c/0e41b3e1-ce40-47b2-b449-8179c0820cce_rwc_195x0x1534x1200x32c55b.jpg]
[cdn.myportfolio.com/b8e13446-a72f-4a67-b5a5-563ac057183c/4640090a-f2e4-40cd-92b3-c0440c9fe833_rwc_0x45x4975x3889x32eeb6.jpg]
[nguyenanhhao.com/elle-x-mango.html]
[cdn.myportfolio.com/b8e13446-a72f-4a67-b5a5-563ac057183c/b4ae8ca6-e8c3-47bb-8946-7bb7a94c56a5_carw_202x158x32db73.jpg]
[nguyenanhhao.com/feng-system-sigmavior-campaign.html]
[cdn.myportfolio.com/b8e13446-a72f-4a67-b5a5-563ac057183c/4744752d-769f-4825-a614-be6719a5b8a0_carw_202x158x328bb6.jpg]
[nguyenanhhao.com/dong-chay-lam-li-lam.html]
[cdn.myportfolio.com/b8e13446-a72f-4a67-b5a5-563ac057183c/6a6841b8-7dee-4053-bbe7-2b074870875a_carw_202x158x326e94.jpg]
[nguyenanhhao.com/viet-portraits-by-lofficiel-vietnam.html]
[cdn.myportfolio.com/b8e13446-a72f-4a67-b5a5-563ac057183c/6a24b41a-9810-4419-ac57-4b98aeec2c29_carw_202x158x32f463.png]
[nguyenanhhao.com/co-tam-o-exhibition-by-lofficiel-vietnam.html]
[cdn.myportfolio.com/b8e13446-a72f-4a67-b5a5-563ac057183c/f05cc476-daa8-4d8f-9107-f9bdbddd2259_carw_202x158x320ae6.jpg]
[nguyenanhhao.com/dont-just-fcking-leave-me-alone-project.html]
[cdn.myportfolio.com/b8e13446-a72f-4a67-b5a5-563ac057183c/a8305745-9d29-4ae1-b883-058f0c513645_carw_202x158x328e03.jpg]
[nguyenanhhao.com/tieng-set-ai-tinh-project.html]
[cdn.myportfolio.com/b8e13446-a72f-4a67-b5a5-563ac057183c/fe11ffbf-9e49-454b-944f-6e5e54953634_carw_202x158x328277.jpg]
[nguyenanhhao.com/site/translations910f]
[nguyenanhhao.com/index.html]
[nguyenanhhao.com/dist/css/main.css]
[cdn.myportfolio.com/b8e13446-a72f-4a67-b5a5-563ac057183c/64e6cba1c9eef28aa708a937879f591717489714268f39.css]
[nguyenanhhao.com/dist/js/main910f.js]
[use.typekit.net/ik/IYupjExU7m-hxdb5HxdpwQUWRa47scMsWRblLset9PMfe0CgfHYEBsJzwD9oFDIDWDZRFcJXjAjawesRwA93Fcjt5QiRFeIX529Xw2ZqZ2Mkw2IX5QM3jAb-qMI7OcuoSeNkieZzde8zOcFzdP37Oco1iW88dcB0-eyydkoRdhXCHKo3ScvkOWZTZWS0dW83da4XZcNC-3]
[nguyenanhhao.com/site/translationsff58]
[nguyenanhhao.com/work.html]
[nguyenanhhao.com/dist/js/mainff58.js]
[cdn.myportfolio.com/b8e13446-a72f-4a67-b5a5-563ac057183c/9d72cd4e-c58c-46d0-ab77-fbcc4e1dcf0b_rw_60088c3.jpg]
[nguyenanhhao.com/info.html]
[cdn.myportfolio.com/b8e13446-a72f-4a67-b5a5-563ac057183c/08411ce4-a1ba-4c7a-b9b6-e682cf301e96791c.png]
[cdn.myportfolio.com/b8e13446-a72f-4a67-b5a5-563ac057183c/08411ce4-a1ba-4c7a-b9b6-e682cf301e96_rw_1920a3d0.png]
[cdn.myportfolio.com/b8e13446-a72f-4a67-b5a5-563ac057183c/13fdac20-5f16-44d2-a660-2bbb76ecd2310ebe.png]
[cdn.myportfolio.com/b8e13446-a72f-4a67-b5a5-563ac057183c/13fdac20-5f16-44d2-a660-2bbb76ecd231_rw_1920ae33.png]
[cdn.myportfolio.com/b8e13446-a72f-4a67-b5a5-563ac057183c/2b3436d4-6afa-4c61-b772-032635261eacdbb5.png]
[cdn.myportfolio.com/b8e13446-a72f-4a67-b5a5-563ac057183c/2b3436d4-6afa-4c61-b772-032635261eac_rw_192068b9.png]
[cdn.myportfolio.com/b8e13446-a72f-4a67-b5a5-563ac057183c/59e8367d-3ad7-4fba-aae0-32e0623db4990a8b.png]
[cdn.myportfolio.com/b8e13446-a72f-4a67-b5a5-563ac057183c/59e8367d-3ad7-4fba-aae0-32e0623db499_rw_12003372.png]
[cdn.myportfolio.com/b8e13446-a72f-4a67-b5a5-563ac057183c/b6ec7b78-dfa1-4cb6-b8b0-ce598952eed4af21.png]
[cdn.myportfolio.com/b8e13446-a72f-4a67-b5a5-563ac057183c/b6ec7b78-dfa1-4cb6-b8b0-ce598952eed4_rw_12004205.png]
[cdn.myportfolio.com/b8e13446-a72f-4a67-b5a5-563ac057183c/0ce795b7-d103-4973-8a8a-94670e85843475ab.jpg]
[cdn.myportfolio.com/b8e13446-a72f-4a67-b5a5-563ac057183c/0ce795b7-d103-4973-8a8a-94670e858434_rw_3840f6de.jpg]
[cdn.myportfolio.com/b8e13446-a72f-4a67-b5a5-563ac057183c/fd509184-b58e-47b8-aae9-ba49dc9953c27aa6.jpg]
[cdn.myportfolio.com/b8e13446-a72f-4a67-b5a5-563ac057183c/fd509184-b58e-47b8-aae9-ba49dc9953c2_rw_3840c35b.jpg]
[cdn.myportfolio.com/b8e13446-a72f-4a67-b5a5-563ac057183c/3208429f-6efd-4aba-a883-08e0d04ddb55a486.jpg]
[cdn.myportfolio.com/b8e13446-a72f-4a67-b5a5-563ac057183c/3208429f-6efd-4aba-a883-08e0d04ddb55_rw_38408b1c.jpg]
[cdn.myportfolio.com/b8e13446-a72f-4a67-b5a5-563ac057183c/2ea58124-75d8-46eb-98f6-ee2541b9aa993051.jpg]
[cdn.myportfolio.com/b8e13446-a72f-4a67-b5a5-563ac057183c/2ea58124-75d8-46eb-98f6-ee2541b9aa99_rw_3840dd82.jpg]
[cdn.myportfolio.com/b8e13446-a72f-4a67-b5a5-563ac057183c/804c37c3-d69e-48e3-a2d7-f6abc5041980_car_202x15876b1.jpg]
[cdn.myportfolio.com/b8e13446-a72f-4a67-b5a5-563ac057183c/7686d4b8-1e25-4ea1-873c-0932a7fbc439_car_202x1588550.jpg]
[cdn.myportfolio.com/b8e13446-a72f-4a67-b5a5-563ac057183c/74d16f97-a3e9-4c16-91b1-c60fc8a1626d_rwc_282x0x3274x2560x3274eeb7.jpg]
[cdn.myportfolio.com/b8e13446-a72f-4a67-b5a5-563ac057183c/a62c4074-f266-4919-830c-c285fe64095f_rwc_0x35x3906x3053x390671fc.png]
[cdn.myportfolio.com/b8e13446-a72f-4a67-b5a5-563ac057183c/fe11ffbf-9e49-454b-944f-6e5e54953634_car_202x1582b7f.jpg]
[cdn.myportfolio.com/b8e13446-a72f-4a67-b5a5-563ac057183c/0dca34eb-713d-4c37-b251-69ce560c9d13_rwc_141x0x1637x1280x16376119.jpg]
[cdn.myportfolio.com/b8e13446-a72f-4a67-b5a5-563ac057183c/6a24b41a-9810-4419-ac57-4b98aeec2c29_car_202x1584f8b.png]
[cdn.myportfolio.com/b8e13446-a72f-4a67-b5a5-563ac057183c/b4e6e36a-aed3-408c-b68a-c5a8e05cac2e_car_202x15857ab.jpg]
[cdn.myportfolio.com/b8e13446-a72f-4a67-b5a5-563ac057183c/e89d2197-4b39-43d3-8950-fa1d27c09f8c_car_202x158f058.jpg]
[cdn.myportfolio.com/b8e13446-a72f-4a67-b5a5-563ac057183c/f66a3546-8be0-44f9-8cb9-c3b0ba994956_car_202x158c5b0.jpg]
[cdn.myportfolio.com/b8e13446-a72f-4a67-b5a5-563ac057183c/cd804b5a-7578-4d38-9fd4-ed06b31ca3a3_car_202x1584e9d.jpg]
[cdn.myportfolio.com/b8e13446-a72f-4a67-b5a5-563ac057183c/b4ae8ca6-e8c3-47bb-8946-7bb7a94c56a5_car_202x158f220.jpg]
[cdn.myportfolio.com/b8e13446-a72f-4a67-b5a5-563ac057183c/8eca4ec4-9636-467c-8fef-06164caa68d1_rwc_0x192x1920x1501x1920173f.jpg]
[cdn.myportfolio.com/b8e13446-a72f-4a67-b5a5-563ac057183c/d4e5dadb-d91a-4189-824f-4bfd576b6646_rwc_0x33x3690x2884x36905a4a.jpg]
[cdn.myportfolio.com/b8e13446-a72f-4a67-b5a5-563ac057183c/026aa65a-99c5-48e2-9b80-ccd5b36be2cb_car_202x1588018.jpg]
[nguyenanhhao.com/lofficiel-vietnam-the-cover-pride.html]
[cdn.myportfolio.com/b8e13446-a72f-4a67-b5a5-563ac057183c/5fae05b6-9478-4ae5-bd50-c4b728f96929_rwc_0x71x7812x6107x78127778.jpg]
[cdn.myportfolio.com/b8e13446-a72f-4a67-b5a5-563ac057183c/c4b04ef3-971a-4670-8241-6e51f9aac1bb27d1.png]
[cdn.myportfolio.com/b8e13446-a72f-4a67-b5a5-563ac057183c/c4b04ef3-971a-4670-8241-6e51f9aac1bb_rw_38402a83.png]
[cdn.myportfolio.com/b8e13446-a72f-4a67-b5a5-563ac057183c/a9dfe4d5-75a1-437a-8c2b-cdbed47f6aae03b7.jpg]
[cdn.myportfolio.com/b8e13446-a72f-4a67-b5a5-563ac057183c/a9dfe4d5-75a1-437a-8c2b-cdbed47f6aae_rw_3840b4db.jpg]
[cdn.myportfolio.com/b8e13446-a72f-4a67-b5a5-563ac057183c/611dbc93-9d8b-49ec-a238-addefd40c9e80f98.png]
[cdn.myportfolio.com/b8e13446-a72f-4a67-b5a5-563ac057183c/611dbc93-9d8b-49ec-a238-addefd40c9e8_rw_38401627.png]
[cdn.myportfolio.com/b8e13446-a72f-4a67-b5a5-563ac057183c/2e37d70d-2571-44e4-a173-46e75f4ed853eca5.jpg]
[cdn.myportfolio.com/b8e13446-a72f-4a67-b5a5-563ac057183c/2e37d70d-2571-44e4-a173-46e75f4ed853_rw_384030d4.jpg]
[cdn.myportfolio.com/b8e13446-a72f-4a67-b5a5-563ac057183c/392eefef-19b1-470f-8ed5-4e1a866c87979c68.png]
[cdn.myportfolio.com/b8e13446-a72f-4a67-b5a5-563ac057183c/392eefef-19b1-470f-8ed5-4e1a866c8797_rw_38401cd4.png]
[cdn.myportfolio.com/b8e13446-a72f-4a67-b5a5-563ac057183c/c515a106-f8f9-46e4-917a-191f71a7f8c94c17.png]
[cdn.myportfolio.com/b8e13446-a72f-4a67-b5a5-563ac057183c/c515a106-f8f9-46e4-917a-191f71a7f8c9_rw_3840a6dd.png]
[cdn.myportfolio.com/b8e13446-a72f-4a67-b5a5-563ac057183c/b44a5752-767f-4ca5-95ae-9e2001d4591f_car_202x158993d.jpg]
[cdn.myportfolio.com/b8e13446-a72f-4a67-b5a5-563ac057183c/0e41b3e1-ce40-47b2-b449-8179c0820cce_rwc_195x0x1534x1200x1534ceb3.jpg]
[cdn.myportfolio.com/b8e13446-a72f-4a67-b5a5-563ac057183c/4640090a-f2e4-40cd-92b3-c0440c9fe833_rwc_0x45x4975x3889x4975b6f3.jpg]
[cdn.myportfolio.com/b8e13446-a72f-4a67-b5a5-563ac057183c/1d3f403a-32e6-42ed-b5c9-e93a508bff62_car_202x1588bb0.jpg]
[cdn.myportfolio.com/b8e13446-a72f-4a67-b5a5-563ac057183c/057607c2-992e-4ddd-ae45-55f2d49ef930_car_202x1584350.jpg]
[cdn.myportfolio.com/b8e13446-a72f-4a67-b5a5-563ac057183c/6a6841b8-7dee-4053-bbe7-2b074870875a_car_202x158ec63.jpg]
[cdn.myportfolio.com/b8e13446-a72f-4a67-b5a5-563ac057183c/f05cc476-daa8-4d8f-9107-f9bdbddd2259_car_202x1589806.jpg]
[cdn.myportfolio.com/b8e13446-a72f-4a67-b5a5-563ac057183c/3c22d548-2319-431e-afe1-fb10d348fdc6_rwc_0x250x1080x844x1080b070.png]
[nguyenanhhao.com/elle-vietnam-soobin-hoang-son-d-edition.html]
[cdn.myportfolio.com/b8e13446-a72f-4a67-b5a5-563ac057183c/8e76b0f9-8289-4c6a-a7f0-69dc296674e1b6ad.jpg]
[cdn.myportfolio.com/b8e13446-a72f-4a67-b5a5-563ac057183c/8e76b0f9-8289-4c6a-a7f0-69dc296674e1_rw_1920a087.jpg]
[cdn.myportfolio.com/b8e13446-a72f-4a67-b5a5-563ac057183c/18f36e91-955d-41c9-b840-3809b57daf0f6079.jpg]
[cdn.myportfolio.com/b8e13446-a72f-4a67-b5a5-563ac057183c/18f36e91-955d-41c9-b840-3809b57daf0f_rw_1920dc0e.jpg]
[cdn.myportfolio.com/b8e13446-a72f-4a67-b5a5-563ac057183c/8f732a44-e67a-4826-81cb-39a4fed2641a03e1.jpg]
[cdn.myportfolio.com/b8e13446-a72f-4a67-b5a5-563ac057183c/8f732a44-e67a-4826-81cb-39a4fed2641a_rw_19200661.jpg]
[cdn.myportfolio.com/b8e13446-a72f-4a67-b5a5-563ac057183c/51cabdd9-f7d8-4350-8039-0e8fd87873bea1bd.jpg]
[cdn.myportfolio.com/b8e13446-a72f-4a67-b5a5-563ac057183c/51cabdd9-f7d8-4350-8039-0e8fd87873be_rw_1920ff65.jpg]
[cdn.myportfolio.com/b8e13446-a72f-4a67-b5a5-563ac057183c/d40b6845-4afb-488e-9988-06ff6dcc1631e62a.jpg]
[cdn.myportfolio.com/b8e13446-a72f-4a67-b5a5-563ac057183c/d40b6845-4afb-488e-9988-06ff6dcc1631_rw_19205121.jpg]
[cdn.myportfolio.com/b8e13446-a72f-4a67-b5a5-563ac057183c/0bc5d325-63c0-4d63-8feb-4da8905da8fed96a.jpg]
[cdn.myportfolio.com/b8e13446-a72f-4a67-b5a5-563ac057183c/0bc5d325-63c0-4d63-8feb-4da8905da8fe_rw_19206a97.jpg]
[cdn.myportfolio.com/b8e13446-a72f-4a67-b5a5-563ac057183c/87ee9f9d-9cc6-4221-9c95-b9029475fc276a49.jpg]
[cdn.myportfolio.com/b8e13446-a72f-4a67-b5a5-563ac057183c/87ee9f9d-9cc6-4221-9c95-b9029475fc27_rw_1920ef01.jpg]
[cdn.myportfolio.com/b8e13446-a72f-4a67-b5a5-563ac057183c/77ecbf32-626c-497d-a863-0127637654246154.jpg]
[cdn.myportfolio.com/b8e13446-a72f-4a67-b5a5-563ac057183c/77ecbf32-626c-497d-a863-012763765424_rw_1920d910.jpg]
[cdn.myportfolio.com/b8e13446-a72f-4a67-b5a5-563ac057183c/f41cebd3-8192-48b1-844e-9712686fd6c6_rwc_540x0x2762x2160x27620070.gif]
[cdn.myportfolio.com/b8e13446-a72f-4a67-b5a5-563ac057183c/8c91af5c-a590-4526-a8f6-60a6d6cb860f_rwc_540x0x2762x2160x27629e59.gif]
[cdn.myportfolio.com/b8e13446-a72f-4a67-b5a5-563ac057183c/9a64072e-b4c7-41ce-8848-28cf4427a3e2_rwc_282x0x3274x2560x3274ab99.jpg]
[cdn.myportfolio.com/b8e13446-a72f-4a67-b5a5-563ac057183c/c9105783-1661-4804-837b-71c81095174a_rwc_0x1652x6732x5263x6732a5e0.jpg]
[cdn.myportfolio.com/b8e13446-a72f-4a67-b5a5-563ac057183c/5ec66f6c-7630-4417-95e2-229e17940afd_rwc_257x0x3331x2605x3331c7fa.png]
[cdn.myportfolio.com/b8e13446-a72f-4a67-b5a5-563ac057183c/a9b4f42c-be04-4a9a-9337-b9a2fe24b21a_rwc_0x35x3906x3053x390697e4.jpg]
[cdn.myportfolio.com/b8e13446-a72f-4a67-b5a5-563ac057183c/72ebdc4d-46e2-40ba-8ac9-b3356d3592db_car_202x158782f.jpg]
[nguyenanhhao.com/lofficiel-hommes-vietnam-x-rap-xiec-cong-vien-gia-dinh.html]
[cdn.myportfolio.com/b8e13446-a72f-4a67-b5a5-563ac057183c/8c69bfae-1057-4922-9ca7-7aa7819f65d9_rwc_0x42x4723x3692x472394dd.jpg]
[cdn.myportfolio.com/b8e13446-a72f-4a67-b5a5-563ac057183c/e329be7b-a51f-449a-ad9b-5f6f97347114ad3f.png]
[cdn.myportfolio.com/b8e13446-a72f-4a67-b5a5-563ac057183c/e329be7b-a51f-449a-ad9b-5f6f97347114_rw_19202317.png]
[cdn.myportfolio.com/b8e13446-a72f-4a67-b5a5-563ac057183c/99242caf-4f63-4758-8733-dfa5dda8c6657e67.png]
[cdn.myportfolio.com/b8e13446-a72f-4a67-b5a5-563ac057183c/99242caf-4f63-4758-8733-dfa5dda8c665_rw_19200aca.png]
[cdn.myportfolio.com/b8e13446-a72f-4a67-b5a5-563ac057183c/4c16f00a-4919-42ff-a448-6a076334df7d3644.png]
[cdn.myportfolio.com/b8e13446-a72f-4a67-b5a5-563ac057183c/4c16f00a-4919-42ff-a448-6a076334df7d_rw_1920108a.png]
[cdn.myportfolio.com/b8e13446-a72f-4a67-b5a5-563ac057183c/78219bb4-ab3d-4ed3-a0c9-f38590fbfa226953.jpg]
[cdn.myportfolio.com/b8e13446-a72f-4a67-b5a5-563ac057183c/78219bb4-ab3d-4ed3-a0c9-f38590fbfa22_rw_1200ffd8.jpg]
[cdn.myportfolio.com/b8e13446-a72f-4a67-b5a5-563ac057183c/4744752d-769f-4825-a614-be6719a5b8a0_car_202x158d4b6.jpg]
[cdn.myportfolio.com/b8e13446-a72f-4a67-b5a5-563ac057183c/9f768211-fd01-4527-8689-0e17635b597b_rwc_257x0x3334x2606x33344ac5.png]
[cdn.myportfolio.com/b8e13446-a72f-4a67-b5a5-563ac057183c/2d2b6ce8-6ff7-4f49-982b-e9bf0e70a56d_rwc_0x71x7812x6107x7812320b.jpg]
[cdn.myportfolio.com/b8e13446-a72f-4a67-b5a5-563ac057183c/769c5413-0c0d-4bbd-be32-76f255617162_rwc_0x445x1920x1501x192041c2.png]
[cdn.myportfolio.com/b8e13446-a72f-4a67-b5a5-563ac057183c/ec927565-871d-4d81-92e2-445688eb75b6_rwc_0x38x4264x3333x4264a407.jpg]
[cdn.myportfolio.com/b8e13446-a72f-4a67-b5a5-563ac057183c/a8292c7a-7245-477b-af2c-4ade8c3e6f70_rwc_390x0x3069x2400x3069c830.png]
[nguyenanhhao.com/elle-ha-anh-tuan-match-issue-codes-of-love.html]
[cdn.myportfolio.com/b8e13446-a72f-4a67-b5a5-563ac057183c/bd88aaaf-1dfd-4828-8755-ef5dd2874260_car_202x15891c5.jpg]
[cdn.myportfolio.com/b8e13446-a72f-4a67-b5a5-563ac057183c/98ae82f5-a12a-4b6f-999c-de5ae0a971eff684.jpg]
[cdn.myportfolio.com/b8e13446-a72f-4a67-b5a5-563ac057183c/98ae82f5-a12a-4b6f-999c-de5ae0a971ef_rw_3840a305.jpg]
[cdn.myportfolio.com/b8e13446-a72f-4a67-b5a5-563ac057183c/dd102ba5-b415-4763-9540-ee6c130ce07c0796.png]
[cdn.myportfolio.com/b8e13446-a72f-4a67-b5a5-563ac057183c/dd102ba5-b415-4763-9540-ee6c130ce07c_rw_19209180.png]
[cdn.myportfolio.com/b8e13446-a72f-4a67-b5a5-563ac057183c/4121457a-6b4b-461f-ae5c-b911ae130c431204.png]
[cdn.myportfolio.com/b8e13446-a72f-4a67-b5a5-563ac057183c/4121457a-6b4b-461f-ae5c-b911ae130c43_rw_38407cfe.png]
[cdn.myportfolio.com/b8e13446-a72f-4a67-b5a5-563ac057183c/bc5a06e6-5389-4b37-ba73-4f90268cb37267b4.png]
[cdn.myportfolio.com/b8e13446-a72f-4a67-b5a5-563ac057183c/bc5a06e6-5389-4b37-ba73-4f90268cb372_rw_38403316.png]
[cdn.myportfolio.com/b8e13446-a72f-4a67-b5a5-563ac057183c/a8305745-9d29-4ae1-b883-058f0c513645_car_202x158e111.jpg]
[cdn.myportfolio.com/b8e13446-a72f-4a67-b5a5-563ac057183c/93bc484d-a634-4700-bebd-de4f2f6a50ec_rwc_0x289x1200x938x12001119.jpg]
[nguyenanhhao.com/abc-collection-one-campaign.html]
[cdn.myportfolio.com/b8e13446-a72f-4a67-b5a5-563ac057183c/f4b41225-bb2f-4c85-8b62-a9a760f77989_car_202x158cf11.jpg]
[cdn.myportfolio.com/b8e13446-a72f-4a67-b5a5-563ac057183c/8d0b5dd7-bda1-4e9b-ac08-a0c8825888f4fb74.jpg]
[cdn.myportfolio.com/b8e13446-a72f-4a67-b5a5-563ac057183c/8d0b5dd7-bda1-4e9b-ac08-a0c8825888f4_rw_38400424.jpg]
[cdn.myportfolio.com/b8e13446-a72f-4a67-b5a5-563ac057183c/58cc49e7-e24b-42bb-befd-4d2a0718c2c74757.jpg]
[cdn.myportfolio.com/b8e13446-a72f-4a67-b5a5-563ac057183c/58cc49e7-e24b-42bb-befd-4d2a0718c2c7_rw_384040ab.jpg]
[cdn.myportfolio.com/b8e13446-a72f-4a67-b5a5-563ac057183c/c0cef0c0-dcda-4c32-b1cb-056fc87ea79a24e3.jpg]
[cdn.myportfolio.com/b8e13446-a72f-4a67-b5a5-563ac057183c/c0cef0c0-dcda-4c32-b1cb-056fc87ea79a_rw_38405d5f.jpg]
[cdn.myportfolio.com/b8e13446-a72f-4a67-b5a5-563ac057183c/90a01440-2496-4880-b07f-f67697a9bdc29180.jpg]
[cdn.myportfolio.com/b8e13446-a72f-4a67-b5a5-563ac057183c/90a01440-2496-4880-b07f-f67697a9bdc2_rw_38409faf.jpg]
[cdn.myportfolio.com/b8e13446-a72f-4a67-b5a5-563ac057183c/f20ac4e9-50ff-4c81-9fe2-5f78ec8373df8394.jpg]
[cdn.myportfolio.com/b8e13446-a72f-4a67-b5a5-563ac057183c/f20ac4e9-50ff-4c81-9fe2-5f78ec8373df_rw_384018e4.jpg]
[cdn.myportfolio.com/b8e13446-a72f-4a67-b5a5-563ac057183c/0630d63b-5dc3-4f89-a398-2c4c0a07a18eb2a7.jpg]
[cdn.myportfolio.com/b8e13446-a72f-4a67-b5a5-563ac057183c/0630d63b-5dc3-4f89-a398-2c4c0a07a18e_rw_3840ae0d.jpg]
[cdn.myportfolio.com/b8e13446-a72f-4a67-b5a5-563ac057183c/bb4ceb19-5ff2-406b-8f93-3899402660c265fd.jpg]
[cdn.myportfolio.com/b8e13446-a72f-4a67-b5a5-563ac057183c/bb4ceb19-5ff2-406b-8f93-3899402660c2_rw_3840622f.jpg]
[cdn.myportfolio.com/b8e13446-a72f-4a67-b5a5-563ac057183c/b0e140a1-a5d0-4d93-b57b-55fb5ac9c09d2a4b.jpg]
[cdn.myportfolio.com/b8e13446-a72f-4a67-b5a5-563ac057183c/b0e140a1-a5d0-4d93-b57b-55fb5ac9c09d_rw_1920ccd4.jpg]
[cdn.myportfolio.com/b8e13446-a72f-4a67-b5a5-563ac057183c/9d970115-3e4a-4476-bf1a-0ab2de7a040c_rwc_0x123x3020x2361x3020ba3c.jpg]
[cdn.myportfolio.com/b8e13446-a72f-4a67-b5a5-563ac057183c/aebc1161-fab0-4e51-9023-efb05096d436_rwc_219x223x819x640x819c89b.png]
[nguyenanhhao.com/see-o-exhibition-2024-hope.html]
[cdn.myportfolio.com/b8e13446-a72f-4a67-b5a5-563ac057183c/7b42c7ff-2e52-425b-be27-2d1db948664a32a4.png]
[cdn.myportfolio.com/b8e13446-a72f-4a67-b5a5-563ac057183c/7b42c7ff-2e52-425b-be27-2d1db948664a_rw_1920d465.png]
[cdn.myportfolio.com/b8e13446-a72f-4a67-b5a5-563ac057183c/ee291481-5889-4440-a60d-2817ccdbba417c92.png]
[cdn.myportfolio.com/b8e13446-a72f-4a67-b5a5-563ac057183c/ee291481-5889-4440-a60d-2817ccdbba41_rw_3840472e.png]
[cdn.myportfolio.com/b8e13446-a72f-4a67-b5a5-563ac057183c/28c3b57a-6f5e-4199-8010-fd1d2dc00f608769.png]
[cdn.myportfolio.com/b8e13446-a72f-4a67-b5a5-563ac057183c/28c3b57a-6f5e-4199-8010-fd1d2dc00f60_rw_3840cb6f.png]
[cdn.myportfolio.com/b8e13446-a72f-4a67-b5a5-563ac057183c/add131a5-ae81-4a9f-95d3-3f4c59931b14dd64.png]
[cdn.myportfolio.com/b8e13446-a72f-4a67-b5a5-563ac057183c/add131a5-ae81-4a9f-95d3-3f4c59931b14_rw_1920b692.png]
[cdn.myportfolio.com/b8e13446-a72f-4a67-b5a5-563ac057183c/8e6b11c5-365f-4cf4-9f3c-d482048429045b70.png]
[cdn.myportfolio.com/b8e13446-a72f-4a67-b5a5-563ac057183c/8e6b11c5-365f-4cf4-9f3c-d48204842904_rw_3840d7fd.png]
[cdn.myportfolio.com/b8e13446-a72f-4a67-b5a5-563ac057183c/e588259f-b753-4e5d-a7bd-fe5d9eb9cf83_car_202x1588338.jpg]
[nguyenanhhao.com/elle-1224-follow-your-passion.html]
[cdn.myportfolio.com/b8e13446-a72f-4a67-b5a5-563ac057183c/7876fa94-7122-4126-990a-fc8d3f98d840784d.png]
[cdn.myportfolio.com/b8e13446-a72f-4a67-b5a5-563ac057183c/7876fa94-7122-4126-990a-fc8d3f98d840_rw_19202000.png]
[cdn.myportfolio.com/b8e13446-a72f-4a67-b5a5-563ac057183c/6af2fe48-13db-4f98-b0de-2c67f259dc900d53.png]
[cdn.myportfolio.com/b8e13446-a72f-4a67-b5a5-563ac057183c/6af2fe48-13db-4f98-b0de-2c67f259dc90_rw_38403c3d.png]
[cdn.myportfolio.com/b8e13446-a72f-4a67-b5a5-563ac057183c/163a97fe-9b92-4437-9673-80d9c6175cd8240c.jpg]
[cdn.myportfolio.com/b8e13446-a72f-4a67-b5a5-563ac057183c/163a97fe-9b92-4437-9673-80d9c6175cd8_rw_38407038.jpg]
[cdn.myportfolio.com/b8e13446-a72f-4a67-b5a5-563ac057183c/8bc92cd9-5c5d-4ff2-a392-46152260397efdca.jpg]
[cdn.myportfolio.com/b8e13446-a72f-4a67-b5a5-563ac057183c/8bc92cd9-5c5d-4ff2-a392-46152260397e_rw_3840609c.jpg]
[cdn.myportfolio.com/b8e13446-a72f-4a67-b5a5-563ac057183c/1c989c75-5b52-4806-b8c4-78526b972c14338e.jpg]
[cdn.myportfolio.com/b8e13446-a72f-4a67-b5a5-563ac057183c/1c989c75-5b52-4806-b8c4-78526b972c14_rw_38408822.jpg]
[cdn.myportfolio.com/b8e13446-a72f-4a67-b5a5-563ac057183c/de2a91de-55d4-4171-aacc-1210ad6c803a1985.gif]
[cdn.myportfolio.com/b8e13446-a72f-4a67-b5a5-563ac057183c/de2a91de-55d4-4171-aacc-1210ad6c803a_rw_38407bdb.gif]
[nguyenanhhao.com/binz-ep-keep-cam-ca.html]
[cdn.myportfolio.com/b8e13446-a72f-4a67-b5a5-563ac057183c/a634d021-3aec-4a0a-93ef-e323d6cebaafa954.jpg]
[cdn.myportfolio.com/b8e13446-a72f-4a67-b5a5-563ac057183c/a634d021-3aec-4a0a-93ef-e323d6cebaaf_rw_1920127f.jpg]
[cdn.myportfolio.com/b8e13446-a72f-4a67-b5a5-563ac057183c/f48d0361-1f4a-46d4-8f3b-1c033ce18af2413f.jpg]
[cdn.myportfolio.com/b8e13446-a72f-4a67-b5a5-563ac057183c/f48d0361-1f4a-46d4-8f3b-1c033ce18af2_rw_1920a98d.jpg]
[cdn.myportfolio.com/b8e13446-a72f-4a67-b5a5-563ac057183c/026a430a-ffad-46a2-b66f-58bb9444d7556b57.jpg]
[cdn.myportfolio.com/b8e13446-a72f-4a67-b5a5-563ac057183c/026a430a-ffad-46a2-b66f-58bb9444d755_rw_19205bc4.jpg]
[cdn.myportfolio.com/b8e13446-a72f-4a67-b5a5-563ac057183c/2b8a19f6-6721-407e-ac12-d71c7d551bfa2b67.jpg]
[cdn.myportfolio.com/b8e13446-a72f-4a67-b5a5-563ac057183c/2b8a19f6-6721-407e-ac12-d71c7d551bfa_rw_19209dbf.jpg]
[cdn.myportfolio.com/b8e13446-a72f-4a67-b5a5-563ac057183c/f4c5c5e5-9f37-4c0f-9233-460843ec8be34cb6.jpg]
[cdn.myportfolio.com/b8e13446-a72f-4a67-b5a5-563ac057183c/f4c5c5e5-9f37-4c0f-9233-460843ec8be3_rw_192081e5.jpg]
[nguyenanhhao.com/elleman-fashion-show-2024-dimensions-of-style.html]
[cdn.myportfolio.com/b8e13446-a72f-4a67-b5a5-563ac057183c/b9b76323-b45e-4cb9-9d4e-444cff8448481e7a.jpg]
[cdn.myportfolio.com/b8e13446-a72f-4a67-b5a5-563ac057183c/b9b76323-b45e-4cb9-9d4e-444cff844848_rw_19207510.jpg]
[cdn.myportfolio.com/b8e13446-a72f-4a67-b5a5-563ac057183c/0aedd9b9-95d1-40a5-b72c-428dce2b54e0e735.jpg]
[cdn.myportfolio.com/b8e13446-a72f-4a67-b5a5-563ac057183c/0aedd9b9-95d1-40a5-b72c-428dce2b54e0_rw_1920a87a.jpg]
[cdn.myportfolio.com/b8e13446-a72f-4a67-b5a5-563ac057183c/261abe5b-858f-4dec-a1ea-1d6ec0286979d3db.jpg]
[cdn.myportfolio.com/b8e13446-a72f-4a67-b5a5-563ac057183c/261abe5b-858f-4dec-a1ea-1d6ec0286979_rw_19206a36.jpg]
[cdn.myportfolio.com/b8e13446-a72f-4a67-b5a5-563ac057183c/807852e3-8b34-4fc7-b5a8-17f71904e3abbfc6.jpg]
[cdn.myportfolio.com/b8e13446-a72f-4a67-b5a5-563ac057183c/807852e3-8b34-4fc7-b5a8-17f71904e3ab_rw_38405140.jpg]
[cdn.myportfolio.com/b8e13446-a72f-4a67-b5a5-563ac057183c/e8b84648-6059-41dd-8438-a5937511f88bbfc5.jpg]
[cdn.myportfolio.com/b8e13446-a72f-4a67-b5a5-563ac057183c/e8b84648-6059-41dd-8438-a5937511f88b_rw_3840877f.jpg]
[cdn.myportfolio.com/b8e13446-a72f-4a67-b5a5-563ac057183c/05bdb6a2-880c-4280-a380-04eb6a46c06bcd79.jpg]
[cdn.myportfolio.com/b8e13446-a72f-4a67-b5a5-563ac057183c/05bdb6a2-880c-4280-a380-04eb6a46c06b_rw_38404119.jpg]
[cdn.myportfolio.com/b8e13446-a72f-4a67-b5a5-563ac057183c/353e4b6c-11c0-4145-ac66-7356f9e2ee2af132.jpg]
[cdn.myportfolio.com/b8e13446-a72f-4a67-b5a5-563ac057183c/353e4b6c-11c0-4145-ac66-7356f9e2ee2a_rw_1920c47c.jpg]
[cdn.myportfolio.com/b8e13446-a72f-4a67-b5a5-563ac057183c/581d1bd2-f9d3-4218-aa7a-9ef0e986472b8967.jpg]
[cdn.myportfolio.com/b8e13446-a72f-4a67-b5a5-563ac057183c/581d1bd2-f9d3-4218-aa7a-9ef0e986472b_rw_192085af.jpg]
[cdn.myportfolio.com/b8e13446-a72f-4a67-b5a5-563ac057183c/a8d5ba0f-c501-4bdd-96dd-bb1099d0a77126af.jpg]
[cdn.myportfolio.com/b8e13446-a72f-4a67-b5a5-563ac057183c/a8d5ba0f-c501-4bdd-96dd-bb1099d0a771_rw_19201c16.jpg]
[cdn.myportfolio.com/b8e13446-a72f-4a67-b5a5-563ac057183c/a55dbf69-f120-41d0-ba7c-0509dd265b27e21c.jpg]
[cdn.myportfolio.com/b8e13446-a72f-4a67-b5a5-563ac057183c/a55dbf69-f120-41d0-ba7c-0509dd265b27_rw_1920fc0d.jpg]
[cdn.myportfolio.com/b8e13446-a72f-4a67-b5a5-563ac057183c/03ecad5c-9f76-46fa-9512-00d950ed9e202ba9.jpg]
[cdn.myportfolio.com/b8e13446-a72f-4a67-b5a5-563ac057183c/03ecad5c-9f76-46fa-9512-00d950ed9e20_rw_3840d333.jpg]
[nguyenanhhao.com/hoang-ku-collab-nhuyen-anh-hao.html]
[cdn.myportfolio.com/b8e13446-a72f-4a67-b5a5-563ac057183c/652cd009-247d-4443-aa4f-3219ce9b0fa321bc.png]
[cdn.myportfolio.com/b8e13446-a72f-4a67-b5a5-563ac057183c/652cd009-247d-4443-aa4f-3219ce9b0fa3_rw_19205fe7.png]
[cdn.myportfolio.com/b8e13446-a72f-4a67-b5a5-563ac057183c/8b24d46e-2b85-44b1-b23f-9392e069d6a3c18f.png]
[cdn.myportfolio.com/b8e13446-a72f-4a67-b5a5-563ac057183c/8b24d46e-2b85-44b1-b23f-9392e069d6a3_rw_3840f96e.png]
[cdn.myportfolio.com/b8e13446-a72f-4a67-b5a5-563ac057183c/af9a0e5f-9d85-4c80-971c-bced1d3c9730bf20.png]
[cdn.myportfolio.com/b8e13446-a72f-4a67-b5a5-563ac057183c/af9a0e5f-9d85-4c80-971c-bced1d3c9730_rw_38408fb8.png]
[cdn.myportfolio.com/b8e13446-a72f-4a67-b5a5-563ac057183c/e5502278-ba30-46cf-8050-f9b816433b81794a.png]
[cdn.myportfolio.com/b8e13446-a72f-4a67-b5a5-563ac057183c/e5502278-ba30-46cf-8050-f9b816433b81_rw_192086d4.png]
[cdn.myportfolio.com/b8e13446-a72f-4a67-b5a5-563ac057183c/bd14cc5a-59e0-47db-af0b-bbce9c2286f12637.jpg]
[cdn.myportfolio.com/b8e13446-a72f-4a67-b5a5-563ac057183c/bd14cc5a-59e0-47db-af0b-bbce9c2286f1_rw_38402c0c.jpg]
[nguyenanhhao.com/lofficiel-vietnam-the-cover-vowing-anthem.html]
[cdn.myportfolio.com/b8e13446-a72f-4a67-b5a5-563ac057183c/90b29f30-10f1-4ba7-81d4-155d80afcfe352c1.png]
[cdn.myportfolio.com/b8e13446-a72f-4a67-b5a5-563ac057183c/90b29f30-10f1-4ba7-81d4-155d80afcfe3_rw_38403b2e.png]
[cdn.myportfolio.com/b8e13446-a72f-4a67-b5a5-563ac057183c/a15a7efc-51be-4c15-92fa-f34e43a39159017f.png]
[cdn.myportfolio.com/b8e13446-a72f-4a67-b5a5-563ac057183c/a15a7efc-51be-4c15-92fa-f34e43a39159_rw_3840b5fb.png]
[cdn.myportfolio.com/b8e13446-a72f-4a67-b5a5-563ac057183c/90ef1136-bb50-4bc3-b134-81a63ac1082dc16f.png]
[cdn.myportfolio.com/b8e13446-a72f-4a67-b5a5-563ac057183c/90ef1136-bb50-4bc3-b134-81a63ac1082d_rw_38407661.png]
[cdn.myportfolio.com/b8e13446-a72f-4a67-b5a5-563ac057183c/d20cdb89-6b17-45cf-851f-6c757b736a2b32b5.png]
[cdn.myportfolio.com/b8e13446-a72f-4a67-b5a5-563ac057183c/d20cdb89-6b17-45cf-851f-6c757b736a2b_rw_19200979.png]
[cdn.myportfolio.com/b8e13446-a72f-4a67-b5a5-563ac057183c/26544b95-595f-4d92-8572-7bfd7bc51c666843.png]
[cdn.myportfolio.com/b8e13446-a72f-4a67-b5a5-563ac057183c/26544b95-595f-4d92-8572-7bfd7bc51c66_rw_38407e1f.png]
[cdn.myportfolio.com/b8e13446-a72f-4a67-b5a5-563ac057183c/714a078a-33b6-4bf3-b43c-1cb12879c3b1fcea.png]
[cdn.myportfolio.com/b8e13446-a72f-4a67-b5a5-563ac057183c/714a078a-33b6-4bf3-b43c-1cb12879c3b1_rw_38400dc3.png]
[nguyenanhhao.com/elle-72024-divine-summer.html]
[cdn.myportfolio.com/b8e13446-a72f-4a67-b5a5-563ac057183c/8a20c22f-500a-494e-9d2a-cff8bddf6993019d.jpg]
[cdn.myportfolio.com/b8e13446-a72f-4a67-b5a5-563ac057183c/8a20c22f-500a-494e-9d2a-cff8bddf6993_rw_19205c2e.jpg]
[cdn.myportfolio.com/b8e13446-a72f-4a67-b5a5-563ac057183c/9d6675df-5e3f-43cb-8dcb-81064555c9a87812.jpg]
[cdn.myportfolio.com/b8e13446-a72f-4a67-b5a5-563ac057183c/9d6675df-5e3f-43cb-8dcb-81064555c9a8_rw_19205cab.jpg]
[cdn.myportfolio.com/b8e13446-a72f-4a67-b5a5-563ac057183c/7d42ee17-27b3-4100-a415-79be04104dfe1fe2.jpg]
[cdn.myportfolio.com/b8e13446-a72f-4a67-b5a5-563ac057183c/7d42ee17-27b3-4100-a415-79be04104dfe_rw_19202abc.jpg]
[cdn.myportfolio.com/b8e13446-a72f-4a67-b5a5-563ac057183c/55ee6b6a-b9ab-4a8b-81fa-9aa2c7770a819161.jpg]
[cdn.myportfolio.com/b8e13446-a72f-4a67-b5a5-563ac057183c/55ee6b6a-b9ab-4a8b-81fa-9aa2c7770a81_rw_19208b02.jpg]
[cdn.myportfolio.com/b8e13446-a72f-4a67-b5a5-563ac057183c/f1724370-55b9-4f83-8cca-2a725d815a7e33bd.jpg]
[cdn.myportfolio.com/b8e13446-a72f-4a67-b5a5-563ac057183c/f1724370-55b9-4f83-8cca-2a725d815a7e_rw_1920f384.jpg]
[cdn.myportfolio.com/b8e13446-a72f-4a67-b5a5-563ac057183c/9eb16e85-f238-43fd-9b35-3b0771ddba431294.jpg]
[cdn.myportfolio.com/b8e13446-a72f-4a67-b5a5-563ac057183c/9eb16e85-f238-43fd-9b35-3b0771ddba43_rw_19208e3f.jpg]
[cdn.myportfolio.com/b8e13446-a72f-4a67-b5a5-563ac057183c/534115bb-0423-49ab-94bc-7ad0d139decf8a23.jpg]
[cdn.myportfolio.com/b8e13446-a72f-4a67-b5a5-563ac057183c/534115bb-0423-49ab-94bc-7ad0d139decf_rw_1920679e.jpg]
[cdn.myportfolio.com/b8e13446-a72f-4a67-b5a5-563ac057183c/bf8f95f4-c575-4738-af93-86f98da683ceac27.jpg]
[cdn.myportfolio.com/b8e13446-a72f-4a67-b5a5-563ac057183c/bf8f95f4-c575-4738-af93-86f98da683ce_rw_19209656.jpg]
[cdn.myportfolio.com/b8e13446-a72f-4a67-b5a5-563ac057183c/ffad1a95-05f7-4403-8e58-1f691ffbfe3de12b.jpg]
[cdn.myportfolio.com/b8e13446-a72f-4a67-b5a5-563ac057183c/ffad1a95-05f7-4403-8e58-1f691ffbfe3d_rw_192013bf.jpg]
[cdn.myportfolio.com/b8e13446-a72f-4a67-b5a5-563ac057183c/16e14514-e9f4-4b5b-9660-7b7d48b02cc837b2.jpg]
[cdn.myportfolio.com/b8e13446-a72f-4a67-b5a5-563ac057183c/16e14514-e9f4-4b5b-9660-7b7d48b02cc8_rw_19208f93.jpg]
[cdn.myportfolio.com/b8e13446-a72f-4a67-b5a5-563ac057183c/984bd533-c67a-48a1-8b82-0cc6435b88e4d5f2.jpg]
[cdn.myportfolio.com/b8e13446-a72f-4a67-b5a5-563ac057183c/984bd533-c67a-48a1-8b82-0cc6435b88e4_rw_19200a68.jpg]
[cdn.myportfolio.com/b8e13446-a72f-4a67-b5a5-563ac057183c/5a5b7c29-9b53-4d2b-9db6-091ae6c1003debe3.jpg]
[cdn.myportfolio.com/b8e13446-a72f-4a67-b5a5-563ac057183c/5a5b7c29-9b53-4d2b-9db6-091ae6c1003d_rw_19206846.jpg]
[cdn.myportfolio.com/b8e13446-a72f-4a67-b5a5-563ac057183c/55cec2bb-2365-46c6-94a4-3e4a04ea9923a857.jpg]
[cdn.myportfolio.com/b8e13446-a72f-4a67-b5a5-563ac057183c/55cec2bb-2365-46c6-94a4-3e4a04ea9923_rw_19204ccb.jpg]
[cdn.myportfolio.com/b8e13446-a72f-4a67-b5a5-563ac057183c/d197f5e6-1809-4046-8ccc-e541ede97aa30e57.jpg]
[cdn.myportfolio.com/b8e13446-a72f-4a67-b5a5-563ac057183c/d197f5e6-1809-4046-8ccc-e541ede97aa3_rw_19200968.jpg]
[cdn.myportfolio.com/b8e13446-a72f-4a67-b5a5-563ac057183c/2b9d3e5f-2819-49df-91c0-607a2bc59b4db8fd.jpg]
[cdn.myportfolio.com/b8e13446-a72f-4a67-b5a5-563ac057183c/2b9d3e5f-2819-49df-91c0-607a2bc59b4d_rw_1920381c.jpg]
[cdn.myportfolio.com/b8e13446-a72f-4a67-b5a5-563ac057183c/1271e1ea-4cca-4a25-a450-d74ee7b9d3bd93d3.jpg]
[cdn.myportfolio.com/b8e13446-a72f-4a67-b5a5-563ac057183c/1271e1ea-4cca-4a25-a450-d74ee7b9d3bd_rw_1920ef1a.jpg]
[cdn.myportfolio.com/b8e13446-a72f-4a67-b5a5-563ac057183c/68eccc15-11a3-45fd-b1e4-83d509dd889e8a67.jpg]
[cdn.myportfolio.com/b8e13446-a72f-4a67-b5a5-563ac057183c/68eccc15-11a3-45fd-b1e4-83d509dd889e_rw_1920dbab.jpg]
[cdn.myportfolio.com/b8e13446-a72f-4a67-b5a5-563ac057183c/93cb8f41-302f-404f-ad7d-8d0c808960ac482c.jpg]
[cdn.myportfolio.com/b8e13446-a72f-4a67-b5a5-563ac057183c/93cb8f41-302f-404f-ad7d-8d0c808960ac_rw_19209e79.jpg]
[cdn.myportfolio.com/b8e13446-a72f-4a67-b5a5-563ac057183c/b81917d1-895f-498f-8120-eb4a145a07d76414.jpg]
[cdn.myportfolio.com/b8e13446-a72f-4a67-b5a5-563ac057183c/b81917d1-895f-498f-8120-eb4a145a07d7_rw_192056f7.jpg]
[nguyenanhhao.com/lofficiel-hommes-vietnam-1-the-modern-flaneurs.html]
[cdn.myportfolio.com/b8e13446-a72f-4a67-b5a5-563ac057183c/4b06dbc4-642b-433a-9ead-4376b4eae4977302.jpg]
[cdn.myportfolio.com/b8e13446-a72f-4a67-b5a5-563ac057183c/4b06dbc4-642b-433a-9ead-4376b4eae497_rw_384002f2.jpg]
[cdn.myportfolio.com/b8e13446-a72f-4a67-b5a5-563ac057183c/6656eb23-3b26-4042-bdef-464ac9b7569464ec.jpg]
[cdn.myportfolio.com/b8e13446-a72f-4a67-b5a5-563ac057183c/6656eb23-3b26-4042-bdef-464ac9b75694_rw_384073d2.jpg]
[cdn.myportfolio.com/b8e13446-a72f-4a67-b5a5-563ac057183c/e72320f5-2bda-48bd-a4fa-37d0c243551880ea.jpg]
[cdn.myportfolio.com/b8e13446-a72f-4a67-b5a5-563ac057183c/e72320f5-2bda-48bd-a4fa-37d0c2435518_rw_384093e6.jpg]
[cdn.myportfolio.com/b8e13446-a72f-4a67-b5a5-563ac057183c/2d596ce8-7ebe-4417-8728-f574d6b1adebb45c.jpg]
[cdn.myportfolio.com/b8e13446-a72f-4a67-b5a5-563ac057183c/2d596ce8-7ebe-4417-8728-f574d6b1adeb_rw_19208879.jpg]
[cdn.myportfolio.com/b8e13446-a72f-4a67-b5a5-563ac057183c/6fc0a2f3-f68b-4f51-8186-8b193214cf1194f0.jpg]
[cdn.myportfolio.com/b8e13446-a72f-4a67-b5a5-563ac057183c/6fc0a2f3-f68b-4f51-8186-8b193214cf11_rw_38401027.jpg]
[cdn.myportfolio.com/b8e13446-a72f-4a67-b5a5-563ac057183c/0951a863-06a1-4cff-bf06-154828fa447cc3e4.jpg]
[cdn.myportfolio.com/b8e13446-a72f-4a67-b5a5-563ac057183c/0951a863-06a1-4cff-bf06-154828fa447c_rw_38408d05.jpg]
[cdn.myportfolio.com/b8e13446-a72f-4a67-b5a5-563ac057183c/2895ab46-6178-4f79-94c2-2ff03037d2158502.jpg]
[cdn.myportfolio.com/b8e13446-a72f-4a67-b5a5-563ac057183c/2895ab46-6178-4f79-94c2-2ff03037d215_rw_3840cc3a.jpg]
[cdn.myportfolio.com/b8e13446-a72f-4a67-b5a5-563ac057183c/94e4a579-c9ae-4269-8202-d516363ecbf17b3c.jpg]
[cdn.myportfolio.com/b8e13446-a72f-4a67-b5a5-563ac057183c/94e4a579-c9ae-4269-8202-d516363ecbf1_rw_3840fd9a.jpg]
[cdn.myportfolio.com/b8e13446-a72f-4a67-b5a5-563ac057183c/e8d97818-231d-40c7-8e9c-d7a5cc12600e51cb.jpg]
[cdn.myportfolio.com/b8e13446-a72f-4a67-b5a5-563ac057183c/e8d97818-231d-40c7-8e9c-d7a5cc12600e_rw_384003fc.jpg]
[cdn.myportfolio.com/b8e13446-a72f-4a67-b5a5-563ac057183c/6e67f5ba-2ec1-497d-bdda-7b66c19bef63271d.jpg]
[cdn.myportfolio.com/b8e13446-a72f-4a67-b5a5-563ac057183c/6e67f5ba-2ec1-497d-bdda-7b66c19bef63_rw_384082de.jpg]
[cdn.myportfolio.com/b8e13446-a72f-4a67-b5a5-563ac057183c/903770af-2748-418b-bce8-f8c1a872cf796e2e.jpg]
[cdn.myportfolio.com/b8e13446-a72f-4a67-b5a5-563ac057183c/903770af-2748-418b-bce8-f8c1a872cf79_rw_3840d417.jpg]
[nguyenanhhao.com/phiet-flower-disorder-campaign-24.html]
[cdn.myportfolio.com/b8e13446-a72f-4a67-b5a5-563ac057183c/5a229607-ae9b-4250-8c50-7d4da494e2b38c09.jpg]
[cdn.myportfolio.com/b8e13446-a72f-4a67-b5a5-563ac057183c/5a229607-ae9b-4250-8c50-7d4da494e2b3_rw_3840cf1e.jpg]
[cdn.myportfolio.com/b8e13446-a72f-4a67-b5a5-563ac057183c/45b02976-181c-41d8-8b57-d6f12a0d17aa5c40.jpg]
[cdn.myportfolio.com/b8e13446-a72f-4a67-b5a5-563ac057183c/45b02976-181c-41d8-8b57-d6f12a0d17aa_rw_19203519.jpg]
[cdn.myportfolio.com/b8e13446-a72f-4a67-b5a5-563ac057183c/cebe1812-23f2-41f6-a2ba-dfca434dfeda98d2.jpg]
[cdn.myportfolio.com/b8e13446-a72f-4a67-b5a5-563ac057183c/cebe1812-23f2-41f6-a2ba-dfca434dfeda_rw_1920f69d.jpg]
[cdn.myportfolio.com/b8e13446-a72f-4a67-b5a5-563ac057183c/3c34bade-9c49-4fb0-a3ae-fb2a162b2b1295bc.jpg]
[cdn.myportfolio.com/b8e13446-a72f-4a67-b5a5-563ac057183c/3c34bade-9c49-4fb0-a3ae-fb2a162b2b12_rw_1920af13.jpg]
[cdn.myportfolio.com/b8e13446-a72f-4a67-b5a5-563ac057183c/4420bbb5-953d-4098-898e-8becdd89fdff2a85.jpg]
[cdn.myportfolio.com/b8e13446-a72f-4a67-b5a5-563ac057183c/4420bbb5-953d-4098-898e-8becdd89fdff_rw_192017a8.jpg]
[cdn.myportfolio.com/b8e13446-a72f-4a67-b5a5-563ac057183c/fc053f9d-2f43-4812-96f8-189fcadfbba316b4.jpg]
[cdn.myportfolio.com/b8e13446-a72f-4a67-b5a5-563ac057183c/fc053f9d-2f43-4812-96f8-189fcadfbba3_rw_1920b573.jpg]
[nguyenanhhao.com/fashion-show-official-campaign.html]
[cdn.myportfolio.com/b8e13446-a72f-4a67-b5a5-563ac057183c/62bbc6a6-2a1e-4acf-b5cd-6ec86e288ed011ab.png]
[cdn.myportfolio.com/b8e13446-a72f-4a67-b5a5-563ac057183c/62bbc6a6-2a1e-4acf-b5cd-6ec86e288ed0_rw_19206211.png]
[cdn.myportfolio.com/b8e13446-a72f-4a67-b5a5-563ac057183c/dda9efd0-976f-46c7-a57f-fbcb4d25d7a8555e.jpg]
[cdn.myportfolio.com/b8e13446-a72f-4a67-b5a5-563ac057183c/dda9efd0-976f-46c7-a57f-fbcb4d25d7a8_rw_3840f5fb.jpg]
[cdn.myportfolio.com/b8e13446-a72f-4a67-b5a5-563ac057183c/4772f54d-d5fc-4b81-b3de-a2bd209656cb3a6c.png]
[cdn.myportfolio.com/b8e13446-a72f-4a67-b5a5-563ac057183c/4772f54d-d5fc-4b81-b3de-a2bd209656cb_rw_1920fb27.png]
[cdn.myportfolio.com/b8e13446-a72f-4a67-b5a5-563ac057183c/0c15c47a-1a99-42fc-b8e7-5f9266f98548fbeb.jpg]
[cdn.myportfolio.com/b8e13446-a72f-4a67-b5a5-563ac057183c/0c15c47a-1a99-42fc-b8e7-5f9266f98548_rw_38406e77.jpg]
[nguyenanhhao.com/elle-covermay24-chaumet.html]
[cdn.myportfolio.com/b8e13446-a72f-4a67-b5a5-563ac057183c/5c35bceb-c6b4-4bed-acbe-999460d47eedd9cf.jpg]
[cdn.myportfolio.com/b8e13446-a72f-4a67-b5a5-563ac057183c/5c35bceb-c6b4-4bed-acbe-999460d47eed_rw_1920e8d6.jpg]
[cdn.myportfolio.com/b8e13446-a72f-4a67-b5a5-563ac057183c/4008135c-cc89-411a-b049-177a4f6762a7a02b.jpg]
[cdn.myportfolio.com/b8e13446-a72f-4a67-b5a5-563ac057183c/4008135c-cc89-411a-b049-177a4f6762a7_rw_3840370b.jpg]
[cdn.myportfolio.com/b8e13446-a72f-4a67-b5a5-563ac057183c/77ca998a-5c2d-4ffb-8321-ac60388474a93b71.jpg]
[cdn.myportfolio.com/b8e13446-a72f-4a67-b5a5-563ac057183c/77ca998a-5c2d-4ffb-8321-ac60388474a9_rw_3840c849.jpg]
[cdn.myportfolio.com/b8e13446-a72f-4a67-b5a5-563ac057183c/2d159a0b-995f-4d5e-83df-07c72ead445b4798.jpg]
[cdn.myportfolio.com/b8e13446-a72f-4a67-b5a5-563ac057183c/2d159a0b-995f-4d5e-83df-07c72ead445b_rw_19200f7f.jpg]
[cdn.myportfolio.com/b8e13446-a72f-4a67-b5a5-563ac057183c/ef8b617a-7482-48d2-a4ec-c88f7a5ee322aadb.jpg]
[cdn.myportfolio.com/b8e13446-a72f-4a67-b5a5-563ac057183c/ef8b617a-7482-48d2-a4ec-c88f7a5ee322_rw_1920fb85.jpg]
[nguyenanhhao.com/heritage-fashion-feb-2024-greening-the-earth.html]
[cdn.myportfolio.com/b8e13446-a72f-4a67-b5a5-563ac057183c/6f82848a-0b88-4d3f-8c32-e8bb945af611d02f.jpg]
[cdn.myportfolio.com/b8e13446-a72f-4a67-b5a5-563ac057183c/6f82848a-0b88-4d3f-8c32-e8bb945af611_rw_3840ae63.jpg]
[cdn.myportfolio.com/b8e13446-a72f-4a67-b5a5-563ac057183c/260da5f3-932a-44a2-b456-ae57677daf954d1f.jpg]
[cdn.myportfolio.com/b8e13446-a72f-4a67-b5a5-563ac057183c/260da5f3-932a-44a2-b456-ae57677daf95_rw_384064ab.jpg]
[cdn.myportfolio.com/b8e13446-a72f-4a67-b5a5-563ac057183c/e88c8ed6-0e19-4410-b3d2-fe26ff8edbcd1220.jpg]
[cdn.myportfolio.com/b8e13446-a72f-4a67-b5a5-563ac057183c/e88c8ed6-0e19-4410-b3d2-fe26ff8edbcd_rw_384088b1.jpg]
[nguyenanhhao.com/165c4898d8eac1.html]
[cdn.myportfolio.com/b8e13446-a72f-4a67-b5a5-563ac057183c/e3d7dd95-7f0e-4c6c-aae4-bfef41aae3a81ddc.jpg]
[cdn.myportfolio.com/b8e13446-a72f-4a67-b5a5-563ac057183c/e3d7dd95-7f0e-4c6c-aae4-bfef41aae3a8_rw_1920ca43.jpg]
[cdn.myportfolio.com/b8e13446-a72f-4a67-b5a5-563ac057183c/6506919c-07a8-46b8-9210-b4988df7efc77bb4.jpg]
[cdn.myportfolio.com/b8e13446-a72f-4a67-b5a5-563ac057183c/6506919c-07a8-46b8-9210-b4988df7efc7_rw_3840a027.jpg]
[cdn.myportfolio.com/b8e13446-a72f-4a67-b5a5-563ac057183c/b1b5d59c-f946-4d9b-9dd9-54d53486f39fa2bd.jpg]
[cdn.myportfolio.com/b8e13446-a72f-4a67-b5a5-563ac057183c/b1b5d59c-f946-4d9b-9dd9-54d53486f39f_rw_38406aa6.jpg]
[cdn.myportfolio.com/b8e13446-a72f-4a67-b5a5-563ac057183c/ff7c304c-9508-4bf6-bfd8-d9a342396ee03976.jpg]
[cdn.myportfolio.com/b8e13446-a72f-4a67-b5a5-563ac057183c/ff7c304c-9508-4bf6-bfd8-d9a342396ee0_rw_38406326.jpg]
[cdn.myportfolio.com/b8e13446-a72f-4a67-b5a5-563ac057183c/39dc28e6-9b27-41e5-b4b8-baec4eadd0c8beb4.jpg]
[cdn.myportfolio.com/b8e13446-a72f-4a67-b5a5-563ac057183c/39dc28e6-9b27-41e5-b4b8-baec4eadd0c8_rw_3840328b.jpg]
[nguyenanhhao.com/lofficiel-vietnam-november-issue-living-heritage.html]
[cdn.myportfolio.com/b8e13446-a72f-4a67-b5a5-563ac057183c/68fc4983-5c61-42c1-a142-f4f065026913ec2b.jpg]
[cdn.myportfolio.com/b8e13446-a72f-4a67-b5a5-563ac057183c/68fc4983-5c61-42c1-a142-f4f065026913_rw_38403681.jpg]
[cdn.myportfolio.com/b8e13446-a72f-4a67-b5a5-563ac057183c/beb5b352-0c7e-42e9-8a41-a787201c20ade1e5.jpg]
[cdn.myportfolio.com/b8e13446-a72f-4a67-b5a5-563ac057183c/beb5b352-0c7e-42e9-8a41-a787201c20ad_rw_38404ef6.jpg]
[cdn.myportfolio.com/b8e13446-a72f-4a67-b5a5-563ac057183c/a86dff9a-c1b9-4f68-8789-c138e3a0ccdf5ddb.jpg]
[cdn.myportfolio.com/b8e13446-a72f-4a67-b5a5-563ac057183c/a86dff9a-c1b9-4f68-8789-c138e3a0ccdf_rw_3840fb3d.jpg]
[cdn.myportfolio.com/b8e13446-a72f-4a67-b5a5-563ac057183c/15e81c3b-2751-4ac4-8b43-126f3041a600a38e.jpg]
[cdn.myportfolio.com/b8e13446-a72f-4a67-b5a5-563ac057183c/15e81c3b-2751-4ac4-8b43-126f3041a600_rw_3840e8b4.jpg]
[cdn.myportfolio.com/b8e13446-a72f-4a67-b5a5-563ac057183c/5093d61a-cb65-4ae8-a064-3a949fc100fd2cdc.jpg]
[cdn.myportfolio.com/b8e13446-a72f-4a67-b5a5-563ac057183c/5093d61a-cb65-4ae8-a064-3a949fc100fd_rw_3840b83a.jpg]
[cdn.myportfolio.com/b8e13446-a72f-4a67-b5a5-563ac057183c/afefb4a9-a022-4d3b-942c-17e33c6efb043ab4.jpg]
[cdn.myportfolio.com/b8e13446-a72f-4a67-b5a5-563ac057183c/afefb4a9-a022-4d3b-942c-17e33c6efb04_rw_38403a0a.jpg]
[cdn.myportfolio.com/b8e13446-a72f-4a67-b5a5-563ac057183c/c681876b-d3fe-4446-b639-9f5006e308100490.jpg]
[cdn.myportfolio.com/b8e13446-a72f-4a67-b5a5-563ac057183c/c681876b-d3fe-4446-b639-9f5006e30810_rw_3840094c.jpg]
[cdn.myportfolio.com/b8e13446-a72f-4a67-b5a5-563ac057183c/91280378-06af-4a6e-8248-0f34ca19598d75ce.jpg]
[cdn.myportfolio.com/b8e13446-a72f-4a67-b5a5-563ac057183c/91280378-06af-4a6e-8248-0f34ca19598d_rw_3840fd85.jpg]
[cdn.myportfolio.com/b8e13446-a72f-4a67-b5a5-563ac057183c/ba9001de-b7f0-41ce-92f1-ddcf0fe30849ca34.jpg]
[cdn.myportfolio.com/b8e13446-a72f-4a67-b5a5-563ac057183c/ba9001de-b7f0-41ce-92f1-ddcf0fe30849_rw_3840c0f4.jpg]
[cdn.myportfolio.com/b8e13446-a72f-4a67-b5a5-563ac057183c/64aea256-f112-493e-a99c-e0b01d3170153ac6.jpg]
[cdn.myportfolio.com/b8e13446-a72f-4a67-b5a5-563ac057183c/64aea256-f112-493e-a99c-e0b01d317015_rw_3840285d.jpg]
[nguyenanhhao.com/iwannabangkok-in-saigon-for-sickymag.html]
[cdn.myportfolio.com/b8e13446-a72f-4a67-b5a5-563ac057183c/abe07624-d837-4a1c-9911-25231306febc4f23.jpg]
[cdn.myportfolio.com/b8e13446-a72f-4a67-b5a5-563ac057183c/abe07624-d837-4a1c-9911-25231306febc_rw_19200ae4.jpg]
[cdn.myportfolio.com/b8e13446-a72f-4a67-b5a5-563ac057183c/b3f8b332-d6db-405f-9042-51d030a7ad4cc830.jpg]
[cdn.myportfolio.com/b8e13446-a72f-4a67-b5a5-563ac057183c/b3f8b332-d6db-405f-9042-51d030a7ad4c_rw_3840ea8b.jpg]
[cdn.myportfolio.com/b8e13446-a72f-4a67-b5a5-563ac057183c/c1fd616c-e6f9-48c7-91a2-2528f2fdf6dc2c0f.jpg]
[cdn.myportfolio.com/b8e13446-a72f-4a67-b5a5-563ac057183c/c1fd616c-e6f9-48c7-91a2-2528f2fdf6dc_rw_3840614b.jpg]
[cdn.myportfolio.com/b8e13446-a72f-4a67-b5a5-563ac057183c/829e37eb-e6a8-447e-a246-40f447ba76f467a7.jpg]
[cdn.myportfolio.com/b8e13446-a72f-4a67-b5a5-563ac057183c/829e37eb-e6a8-447e-a246-40f447ba76f4_rw_3840ef5e.jpg]
[cdn.myportfolio.com/b8e13446-a72f-4a67-b5a5-563ac057183c/11c0e080-3981-40ab-a7be-5dccbd8e245d923f.jpg]
[cdn.myportfolio.com/b8e13446-a72f-4a67-b5a5-563ac057183c/11c0e080-3981-40ab-a7be-5dccbd8e245d_rw_3840f04a.jpg]
[cdn.myportfolio.com/b8e13446-a72f-4a67-b5a5-563ac057183c/1ae89817-e531-4ffb-a06c-886930f7a30d3a69.jpg]
[cdn.myportfolio.com/b8e13446-a72f-4a67-b5a5-563ac057183c/1ae89817-e531-4ffb-a06c-886930f7a30d_rw_3840077c.jpg]
[nguyenanhhao.com/lofficielvncover-proudly-vietnamese-issue-mega-bond.html]
[cdn.myportfolio.com/b8e13446-a72f-4a67-b5a5-563ac057183c/bb8aae50-dbb4-4024-9586-f4b0e1c95812955d.jpg]
[cdn.myportfolio.com/b8e13446-a72f-4a67-b5a5-563ac057183c/bb8aae50-dbb4-4024-9586-f4b0e1c95812_rw_3840ed83.jpg]
[cdn.myportfolio.com/b8e13446-a72f-4a67-b5a5-563ac057183c/1072f5eb-b546-4e2d-95ac-4add453943483b36.jpg]
[cdn.myportfolio.com/b8e13446-a72f-4a67-b5a5-563ac057183c/1072f5eb-b546-4e2d-95ac-4add45394348_rw_3840d55e.jpg]
[cdn.myportfolio.com/b8e13446-a72f-4a67-b5a5-563ac057183c/3800196a-10b9-4b3b-b8bd-8ab5b47a28bf58dd.jpg]
[cdn.myportfolio.com/b8e13446-a72f-4a67-b5a5-563ac057183c/3800196a-10b9-4b3b-b8bd-8ab5b47a28bf_rw_3840df22.jpg]
[cdn.myportfolio.com/b8e13446-a72f-4a67-b5a5-563ac057183c/eb3e1c6d-f41d-4af5-a546-821a94feed4a606e.jpg]
[cdn.myportfolio.com/b8e13446-a72f-4a67-b5a5-563ac057183c/eb3e1c6d-f41d-4af5-a546-821a94feed4a_rw_3840b6ec.jpg]
[cdn.myportfolio.com/b8e13446-a72f-4a67-b5a5-563ac057183c/f21f0fce-7553-4e21-80a8-809442cae91d55cd.jpg]
[cdn.myportfolio.com/b8e13446-a72f-4a67-b5a5-563ac057183c/f21f0fce-7553-4e21-80a8-809442cae91d_rw_38402730.jpg]
[cdn.myportfolio.com/b8e13446-a72f-4a67-b5a5-563ac057183c/79d1610b-6792-4fe7-a024-0b3250e9bf2606e2.jpg]
[cdn.myportfolio.com/b8e13446-a72f-4a67-b5a5-563ac057183c/79d1610b-6792-4fe7-a024-0b3250e9bf26_rw_3840a6e6.jpg]
[cdn.myportfolio.com/b8e13446-a72f-4a67-b5a5-563ac057183c/f2c5e224-5150-4c21-bb3a-c098bff3dfef6d0a.jpg]
[cdn.myportfolio.com/b8e13446-a72f-4a67-b5a5-563ac057183c/f2c5e224-5150-4c21-bb3a-c098bff3dfef_rw_38402770.jpg]
[nguyenanhhao.com/binz-dan-xinh-in-love-ep.html]
[cdn.myportfolio.com/b8e13446-a72f-4a67-b5a5-563ac057183c/9d0e7689-2bc7-440b-a71b-a24acfb259266e43.jpg]
[cdn.myportfolio.com/b8e13446-a72f-4a67-b5a5-563ac057183c/9d0e7689-2bc7-440b-a71b-a24acfb25926_rw_38409af4.jpg]
[cdn.myportfolio.com/b8e13446-a72f-4a67-b5a5-563ac057183c/2385b718-320d-4fd5-91b1-c983a12bc36bdfa3.jpg]
[cdn.myportfolio.com/b8e13446-a72f-4a67-b5a5-563ac057183c/2385b718-320d-4fd5-91b1-c983a12bc36b_rw_3840091a.jpg]
[cdn.myportfolio.com/b8e13446-a72f-4a67-b5a5-563ac057183c/e9ff0a90-1473-4467-88ff-a92c82464fab8691.jpg]
[cdn.myportfolio.com/b8e13446-a72f-4a67-b5a5-563ac057183c/e9ff0a90-1473-4467-88ff-a92c82464fab_rw_3840c9bb.jpg]
[cdn.myportfolio.com/b8e13446-a72f-4a67-b5a5-563ac057183c/0bbe583e-a616-4faf-9bbc-d33d84ca62915a57.jpg]
[cdn.myportfolio.com/b8e13446-a72f-4a67-b5a5-563ac057183c/0bbe583e-a616-4faf-9bbc-d33d84ca6291_rw_3840d9a9.jpg]
[cdn.myportfolio.com/b8e13446-a72f-4a67-b5a5-563ac057183c/c1d58a6b-29fa-495c-b871-0c0912b472b88d39.jpg]
[cdn.myportfolio.com/b8e13446-a72f-4a67-b5a5-563ac057183c/c1d58a6b-29fa-495c-b871-0c0912b472b8_rw_3840ee66.jpg]
[cdn.myportfolio.com/b8e13446-a72f-4a67-b5a5-563ac057183c/e349bbc6-df3b-451f-b00e-2232edb8170a9d9c.jpg]
[cdn.myportfolio.com/b8e13446-a72f-4a67-b5a5-563ac057183c/e349bbc6-df3b-451f-b00e-2232edb8170a_rw_38408248.jpg]
[cdn.myportfolio.com/b8e13446-a72f-4a67-b5a5-563ac057183c/833ea277-03be-4447-8d42-6f424032f382f3c1.jpg]
[cdn.myportfolio.com/b8e13446-a72f-4a67-b5a5-563ac057183c/833ea277-03be-4447-8d42-6f424032f382_rw_3840ac5a.jpg]
[cdn.myportfolio.com/b8e13446-a72f-4a67-b5a5-563ac057183c/42ec37d6-f446-43c3-9387-ec2ddaab43002170.jpg]
[cdn.myportfolio.com/b8e13446-a72f-4a67-b5a5-563ac057183c/42ec37d6-f446-43c3-9387-ec2ddaab4300_rw_3840ad9a.jpg]
[cdn.myportfolio.com/b8e13446-a72f-4a67-b5a5-563ac057183c/46f37c00-f0c7-4c32-ae39-c9e3c8afd956c463.jpg]
[cdn.myportfolio.com/b8e13446-a72f-4a67-b5a5-563ac057183c/46f37c00-f0c7-4c32-ae39-c9e3c8afd956_rw_38408980.jpg]
[cdn.myportfolio.com/b8e13446-a72f-4a67-b5a5-563ac057183c/6ca3d5fe-c15c-4be4-a489-6d91d424565f864b.jpg]
[cdn.myportfolio.com/b8e13446-a72f-4a67-b5a5-563ac057183c/6ca3d5fe-c15c-4be4-a489-6d91d424565f_rw_3840682d.jpg]
[cdn.myportfolio.com/b8e13446-a72f-4a67-b5a5-563ac057183c/e16b268c-6a17-452c-95dd-bc605fc0bec1928b.jpg]
[cdn.myportfolio.com/b8e13446-a72f-4a67-b5a5-563ac057183c/e16b268c-6a17-452c-95dd-bc605fc0bec1_rw_38407806.jpg]
[cdn.myportfolio.com/b8e13446-a72f-4a67-b5a5-563ac057183c/37547534-713c-4a50-beac-baae3e6553eaec81.jpg]
[cdn.myportfolio.com/b8e13446-a72f-4a67-b5a5-563ac057183c/37547534-713c-4a50-beac-baae3e6553ea_rw_38404a2e.jpg]
[cdn.myportfolio.com/b8e13446-a72f-4a67-b5a5-563ac057183c/298c4cfa-0af8-4d79-bc0f-0eed4a44f033181a.jpg]
[cdn.myportfolio.com/b8e13446-a72f-4a67-b5a5-563ac057183c/298c4cfa-0af8-4d79-bc0f-0eed4a44f033_rw_38402941.jpg]
[nguyenanhhao.com/rendezvous-cdam-campaign.html]
[cdn.myportfolio.com/b8e13446-a72f-4a67-b5a5-563ac057183c/f664dcab-8494-43fc-bb1b-a1e9b49260cacfd8.jpg]
[cdn.myportfolio.com/b8e13446-a72f-4a67-b5a5-563ac057183c/f664dcab-8494-43fc-bb1b-a1e9b49260ca_rw_1920ece0.jpg]
[cdn.myportfolio.com/b8e13446-a72f-4a67-b5a5-563ac057183c/095c2288-b6f0-4141-a186-08165c4d25bb6bee.jpg]
[cdn.myportfolio.com/b8e13446-a72f-4a67-b5a5-563ac057183c/095c2288-b6f0-4141-a186-08165c4d25bb_rw_1920a539.jpg]
[cdn.myportfolio.com/b8e13446-a72f-4a67-b5a5-563ac057183c/40116dc7-de15-4b4b-b500-779eaa5277f14cc4.jpg]
[cdn.myportfolio.com/b8e13446-a72f-4a67-b5a5-563ac057183c/40116dc7-de15-4b4b-b500-779eaa5277f1_rw_19209a10.jpg]
[cdn.myportfolio.com/b8e13446-a72f-4a67-b5a5-563ac057183c/06f793ba-b15b-46be-a90f-aeaa74881afc44aa.jpg]
[cdn.myportfolio.com/b8e13446-a72f-4a67-b5a5-563ac057183c/06f793ba-b15b-46be-a90f-aeaa74881afc_rw_1920b191.jpg]
[cdn.myportfolio.com/b8e13446-a72f-4a67-b5a5-563ac057183c/0c5fbbdc-929b-44ef-a9b5-0fb69e76c292e352.jpg]
[cdn.myportfolio.com/b8e13446-a72f-4a67-b5a5-563ac057183c/0c5fbbdc-929b-44ef-a9b5-0fb69e76c292_rw_19203eda.jpg]
[cdn.myportfolio.com/b8e13446-a72f-4a67-b5a5-563ac057183c/8188cd9b-0131-4de0-b97c-9e38ce17bff9faa8.jpg]
[cdn.myportfolio.com/b8e13446-a72f-4a67-b5a5-563ac057183c/8188cd9b-0131-4de0-b97c-9e38ce17bff9_rw_1920051b.jpg]
[cdn.myportfolio.com/b8e13446-a72f-4a67-b5a5-563ac057183c/8ba1b08f-f503-4ee4-a1a8-f1420981f3ca37f7.jpg]
[cdn.myportfolio.com/b8e13446-a72f-4a67-b5a5-563ac057183c/8ba1b08f-f503-4ee4-a1a8-f1420981f3ca_rw_1920df50.jpg]
[cdn.myportfolio.com/b8e13446-a72f-4a67-b5a5-563ac057183c/10483dbb-3731-4b95-ad4e-ad79c5b120cafeb4.jpg]
[cdn.myportfolio.com/b8e13446-a72f-4a67-b5a5-563ac057183c/10483dbb-3731-4b95-ad4e-ad79c5b120ca_rw_1920d7ad.jpg]
[nguyenanhhao.com/1662e54962aaaa.html]
[cdn.myportfolio.com/b8e13446-a72f-4a67-b5a5-563ac057183c/2c7890a6-0b41-447c-8dd1-2c29ddf7f8bf755b.jpg]
[cdn.myportfolio.com/b8e13446-a72f-4a67-b5a5-563ac057183c/2c7890a6-0b41-447c-8dd1-2c29ddf7f8bf_rw_38403488.jpg]
[cdn.myportfolio.com/b8e13446-a72f-4a67-b5a5-563ac057183c/660a2402-9e7a-4852-ba9c-c949c791aa884f95.jpg]
[cdn.myportfolio.com/b8e13446-a72f-4a67-b5a5-563ac057183c/660a2402-9e7a-4852-ba9c-c949c791aa88_rw_3840c812.jpg]
[cdn.myportfolio.com/b8e13446-a72f-4a67-b5a5-563ac057183c/bf0f37e4-f4aa-4258-8aba-3847726eaae6a01f.jpg]
[cdn.myportfolio.com/b8e13446-a72f-4a67-b5a5-563ac057183c/bf0f37e4-f4aa-4258-8aba-3847726eaae6_rw_120063df.jpg]
[cdn.myportfolio.com/b8e13446-a72f-4a67-b5a5-563ac057183c/d21fd17b-8702-4575-ae01-0729d44558c75475.jpg]
[cdn.myportfolio.com/b8e13446-a72f-4a67-b5a5-563ac057183c/d21fd17b-8702-4575-ae01-0729d44558c7_rw_12000f33.jpg]
[cdn.myportfolio.com/b8e13446-a72f-4a67-b5a5-563ac057183c/1b0ff6fd-9d77-4c27-bd50-77912da755e05eee.jpg]
[cdn.myportfolio.com/b8e13446-a72f-4a67-b5a5-563ac057183c/1b0ff6fd-9d77-4c27-bd50-77912da755e0_rw_1200ab8d.jpg]
[cdn.myportfolio.com/b8e13446-a72f-4a67-b5a5-563ac057183c/cc0f1bd6-ce98-473a-b7d0-64680b674602767e.jpg]
[cdn.myportfolio.com/b8e13446-a72f-4a67-b5a5-563ac057183c/cc0f1bd6-ce98-473a-b7d0-64680b674602_rw_120014d9.jpg]
[cdn.myportfolio.com/b8e13446-a72f-4a67-b5a5-563ac057183c/b84ff4fe-1bae-4f61-9677-8d659af696bbcb8c.jpg]
[cdn.myportfolio.com/b8e13446-a72f-4a67-b5a5-563ac057183c/b84ff4fe-1bae-4f61-9677-8d659af696bb_rw_12006213.jpg]
[nguyenanhhao.com/elle-x-mango.html]
[cdn.myportfolio.com/b8e13446-a72f-4a67-b5a5-563ac057183c/d1b05bfc-165c-4085-8990-9d5164d251cc77ab.jpg]
[cdn.myportfolio.com/b8e13446-a72f-4a67-b5a5-563ac057183c/d1b05bfc-165c-4085-8990-9d5164d251cc_rw_384034dd.jpg]
[cdn.myportfolio.com/b8e13446-a72f-4a67-b5a5-563ac057183c/85d472db-d148-4755-a140-e898e392fca366ba.jpg]
[cdn.myportfolio.com/b8e13446-a72f-4a67-b5a5-563ac057183c/85d472db-d148-4755-a140-e898e392fca3_rw_38407321.jpg]
[cdn.myportfolio.com/b8e13446-a72f-4a67-b5a5-563ac057183c/858ed264-2305-4da2-bd39-29a61d9a63f14797.jpg]
[cdn.myportfolio.com/b8e13446-a72f-4a67-b5a5-563ac057183c/858ed264-2305-4da2-bd39-29a61d9a63f1_rw_38408fb8.jpg]
[cdn.myportfolio.com/b8e13446-a72f-4a67-b5a5-563ac057183c/d2b65dd9-0e2f-40aa-b4e1-d56e00d0fdac279f.jpg]
[cdn.myportfolio.com/b8e13446-a72f-4a67-b5a5-563ac057183c/d2b65dd9-0e2f-40aa-b4e1-d56e00d0fdac_rw_38402db3.jpg]
[cdn.myportfolio.com/b8e13446-a72f-4a67-b5a5-563ac057183c/add6c97f-9c4f-49ba-b7ec-fba8b9c4ae498f76.jpg]
[cdn.myportfolio.com/b8e13446-a72f-4a67-b5a5-563ac057183c/add6c97f-9c4f-49ba-b7ec-fba8b9c4ae49_rw_3840e2c9.jpg]
[cdn.myportfolio.com/b8e13446-a72f-4a67-b5a5-563ac057183c/9f358679-e35c-4538-9c90-e1748bb41007fa97.jpg]
[cdn.myportfolio.com/b8e13446-a72f-4a67-b5a5-563ac057183c/9f358679-e35c-4538-9c90-e1748bb41007_rw_3840480f.jpg]
[cdn.myportfolio.com/b8e13446-a72f-4a67-b5a5-563ac057183c/4fab9238-4420-4874-add0-7e4a16b34cb3a29d.jpg]
[cdn.myportfolio.com/b8e13446-a72f-4a67-b5a5-563ac057183c/4fab9238-4420-4874-add0-7e4a16b34cb3_rw_38400099.jpg]
[cdn.myportfolio.com/b8e13446-a72f-4a67-b5a5-563ac057183c/b072a0f5-cd40-4a91-9c52-c43019f186532d6b.jpg]
[cdn.myportfolio.com/b8e13446-a72f-4a67-b5a5-563ac057183c/b072a0f5-cd40-4a91-9c52-c43019f18653_rw_3840da95.jpg]
[cdn.myportfolio.com/b8e13446-a72f-4a67-b5a5-563ac057183c/ffb5d6ed-fa9a-42d7-ac9e-029b693f6fd271ba.jpg]
[cdn.myportfolio.com/b8e13446-a72f-4a67-b5a5-563ac057183c/ffb5d6ed-fa9a-42d7-ac9e-029b693f6fd2_rw_38404fcd.jpg]
[nguyenanhhao.com/feng-system-sigmavior-campaign.html]
[cdn.myportfolio.com/b8e13446-a72f-4a67-b5a5-563ac057183c/4fb729ed-4745-456d-9ae1-4617686475be98a3.jpg]
[cdn.myportfolio.com/b8e13446-a72f-4a67-b5a5-563ac057183c/4fb729ed-4745-456d-9ae1-4617686475be_rw_38409081.jpg]
[cdn.myportfolio.com/b8e13446-a72f-4a67-b5a5-563ac057183c/a521e6fe-a59b-45ff-9bba-5b6192fc59f9ed28.jpg]
[cdn.myportfolio.com/b8e13446-a72f-4a67-b5a5-563ac057183c/a521e6fe-a59b-45ff-9bba-5b6192fc59f9_rw_384080fa.jpg]
[cdn.myportfolio.com/b8e13446-a72f-4a67-b5a5-563ac057183c/7b12a251-9dab-4f52-85f4-787d9020061e14ff.jpg]
[cdn.myportfolio.com/b8e13446-a72f-4a67-b5a5-563ac057183c/7b12a251-9dab-4f52-85f4-787d9020061e_rw_3840a227.jpg]
[cdn.myportfolio.com/b8e13446-a72f-4a67-b5a5-563ac057183c/24e18636-5e43-46f8-971e-19d5ed833fef6e2e.jpg]
[cdn.myportfolio.com/b8e13446-a72f-4a67-b5a5-563ac057183c/24e18636-5e43-46f8-971e-19d5ed833fef_rw_38408541.jpg]
[cdn.myportfolio.com/b8e13446-a72f-4a67-b5a5-563ac057183c/8a803672-1972-4c45-a366-e48bd94693580233.jpg]
[cdn.myportfolio.com/b8e13446-a72f-4a67-b5a5-563ac057183c/8a803672-1972-4c45-a366-e48bd9469358_rw_3840aebd.jpg]
[cdn.myportfolio.com/b8e13446-a72f-4a67-b5a5-563ac057183c/b2d680c2-6319-47c0-9eda-09876a3ff5ba3b92.jpg]
[cdn.myportfolio.com/b8e13446-a72f-4a67-b5a5-563ac057183c/b2d680c2-6319-47c0-9eda-09876a3ff5ba_rw_38407a97.jpg]
[cdn.myportfolio.com/b8e13446-a72f-4a67-b5a5-563ac057183c/7487cec4-e745-466c-8006-85c4a08d0d063ef8.jpg]
[cdn.myportfolio.com/b8e13446-a72f-4a67-b5a5-563ac057183c/7487cec4-e745-466c-8006-85c4a08d0d06_rw_384093a0.jpg]
[nguyenanhhao.com/dong-chay-lam-li-lam.html]
[cdn.myportfolio.com/b8e13446-a72f-4a67-b5a5-563ac057183c/bfea3436-2649-4635-ae72-f7ff106562fc6e4a.png]
[cdn.myportfolio.com/b8e13446-a72f-4a67-b5a5-563ac057183c/bfea3436-2649-4635-ae72-f7ff106562fc_rw_3840d645.png]
[cdn.myportfolio.com/b8e13446-a72f-4a67-b5a5-563ac057183c/7ff0dac1-b6d6-433b-9c8a-ad212db8adfffa5d.png]
[cdn.myportfolio.com/b8e13446-a72f-4a67-b5a5-563ac057183c/7ff0dac1-b6d6-433b-9c8a-ad212db8adff_rw_384020b4.png]
[cdn.myportfolio.com/b8e13446-a72f-4a67-b5a5-563ac057183c/0598568a-813c-4c55-8765-1d6bdb6f6640b8a2.png]
[cdn.myportfolio.com/b8e13446-a72f-4a67-b5a5-563ac057183c/0598568a-813c-4c55-8765-1d6bdb6f6640_rw_38403599.png]
[cdn.myportfolio.com/b8e13446-a72f-4a67-b5a5-563ac057183c/00a4fb54-deaf-4bfd-8f52-719fb1e515eaf20f.png]
[cdn.myportfolio.com/b8e13446-a72f-4a67-b5a5-563ac057183c/00a4fb54-deaf-4bfd-8f52-719fb1e515ea_rw_3840a3c8.png]
[cdn.myportfolio.com/b8e13446-a72f-4a67-b5a5-563ac057183c/28e78c1c-c85b-4bdb-bcf8-bd7f29bf6ce961d2.png]
[cdn.myportfolio.com/b8e13446-a72f-4a67-b5a5-563ac057183c/28e78c1c-c85b-4bdb-bcf8-bd7f29bf6ce9_rw_384070da.png]
[cdn.myportfolio.com/b8e13446-a72f-4a67-b5a5-563ac057183c/7db2dfea-086d-42a2-ac08-0f94ead28f15d574.png]
[cdn.myportfolio.com/b8e13446-a72f-4a67-b5a5-563ac057183c/7db2dfea-086d-42a2-ac08-0f94ead28f15_rw_38402d47.png]
[cdn.myportfolio.com/b8e13446-a72f-4a67-b5a5-563ac057183c/ea388b90-59d9-4521-bb22-6b84165546f7c331.png]
[cdn.myportfolio.com/b8e13446-a72f-4a67-b5a5-563ac057183c/ea388b90-59d9-4521-bb22-6b84165546f7_rw_3840ebf0.png]
[cdn.myportfolio.com/b8e13446-a72f-4a67-b5a5-563ac057183c/1087a6d4-3ba4-490d-841a-51efee785592feb1.jpg]
[cdn.myportfolio.com/b8e13446-a72f-4a67-b5a5-563ac057183c/1087a6d4-3ba4-490d-841a-51efee785592_rw_38407919.jpg]
[nguyenanhhao.com/viet-portraits-by-lofficiel-vietnam.html]
[cdn.myportfolio.com/b8e13446-a72f-4a67-b5a5-563ac057183c/fc8dc1f2-7c3a-4aa1-b245-7473401afd002cad.jpg]
[cdn.myportfolio.com/b8e13446-a72f-4a67-b5a5-563ac057183c/fc8dc1f2-7c3a-4aa1-b245-7473401afd00_rw_3840de69.jpg]
[cdn.myportfolio.com/b8e13446-a72f-4a67-b5a5-563ac057183c/e9a2e2b6-ce0a-4d3c-ac85-11e58ed7d8872dae.jpg]
[cdn.myportfolio.com/b8e13446-a72f-4a67-b5a5-563ac057183c/e9a2e2b6-ce0a-4d3c-ac85-11e58ed7d887_rw_3840e71a.jpg]
[cdn.myportfolio.com/b8e13446-a72f-4a67-b5a5-563ac057183c/398a0e74-3ffe-474d-a229-289d1002daff2dcb.jpg]
[cdn.myportfolio.com/b8e13446-a72f-4a67-b5a5-563ac057183c/398a0e74-3ffe-474d-a229-289d1002daff_rw_384056bb.jpg]
[cdn.myportfolio.com/b8e13446-a72f-4a67-b5a5-563ac057183c/33855a59-3102-40d6-bdd7-272720bb3d0f151b.jpg]
[cdn.myportfolio.com/b8e13446-a72f-4a67-b5a5-563ac057183c/33855a59-3102-40d6-bdd7-272720bb3d0f_rw_3840b954.jpg]
[cdn.myportfolio.com/b8e13446-a72f-4a67-b5a5-563ac057183c/3766b324-145c-4602-808b-a5fbab355a0ebbb7.jpg]
[cdn.myportfolio.com/b8e13446-a72f-4a67-b5a5-563ac057183c/3766b324-145c-4602-808b-a5fbab355a0e_rw_3840e682.jpg]
[cdn.myportfolio.com/b8e13446-a72f-4a67-b5a5-563ac057183c/465aad7c-6f08-4d19-b13a-2f56c572c8159aa0.jpg]
[cdn.myportfolio.com/b8e13446-a72f-4a67-b5a5-563ac057183c/465aad7c-6f08-4d19-b13a-2f56c572c815_rw_38409255.jpg]
[cdn.myportfolio.com/b8e13446-a72f-4a67-b5a5-563ac057183c/b9ddcb0a-18f8-4163-9401-62d39e35a385dd35.jpg]
[cdn.myportfolio.com/b8e13446-a72f-4a67-b5a5-563ac057183c/b9ddcb0a-18f8-4163-9401-62d39e35a385_rw_3840a238.jpg]
[cdn.myportfolio.com/b8e13446-a72f-4a67-b5a5-563ac057183c/8d474502-9184-4eb3-8afa-a148ff1a70292c7c.jpg]
[cdn.myportfolio.com/b8e13446-a72f-4a67-b5a5-563ac057183c/8d474502-9184-4eb3-8afa-a148ff1a7029_rw_3840c954.jpg]
[cdn.myportfolio.com/b8e13446-a72f-4a67-b5a5-563ac057183c/44cf6500-5d78-4170-bbbd-3c3644875283e881.jpg]
[cdn.myportfolio.com/b8e13446-a72f-4a67-b5a5-563ac057183c/44cf6500-5d78-4170-bbbd-3c3644875283_rw_38401cd7.jpg]
[cdn.myportfolio.com/b8e13446-a72f-4a67-b5a5-563ac057183c/d4f9d754-aa8d-45ad-8897-20a1d4946563cdd9.jpg]
[cdn.myportfolio.com/b8e13446-a72f-4a67-b5a5-563ac057183c/d4f9d754-aa8d-45ad-8897-20a1d4946563_rw_384042d9.jpg]
[cdn.myportfolio.com/b8e13446-a72f-4a67-b5a5-563ac057183c/723d8ec8-a405-4fcf-baf3-7fc7b1e4ccf84bb4.jpg]
[cdn.myportfolio.com/b8e13446-a72f-4a67-b5a5-563ac057183c/723d8ec8-a405-4fcf-baf3-7fc7b1e4ccf8_rw_3840b26b.jpg]
[nguyenanhhao.com/co-tam-o-exhibition-by-lofficiel-vietnam.html]
[cdn.myportfolio.com/b8e13446-a72f-4a67-b5a5-563ac057183c/c5bf8489-f4ad-452c-8e72-0d575d042439ac05.jpg]
[cdn.myportfolio.com/b8e13446-a72f-4a67-b5a5-563ac057183c/c5bf8489-f4ad-452c-8e72-0d575d042439_rw_3840fc5a.jpg]
[cdn.myportfolio.com/b8e13446-a72f-4a67-b5a5-563ac057183c/b2393a1d-47f2-4924-a2ca-6c64881210ba0302.jpg]
[cdn.myportfolio.com/b8e13446-a72f-4a67-b5a5-563ac057183c/b2393a1d-47f2-4924-a2ca-6c64881210ba_rw_384097e4.jpg]
[cdn.myportfolio.com/b8e13446-a72f-4a67-b5a5-563ac057183c/607b3e9a-d6d3-4864-b09d-dc88a64cb4d1e077.jpg]
[cdn.myportfolio.com/b8e13446-a72f-4a67-b5a5-563ac057183c/607b3e9a-d6d3-4864-b09d-dc88a64cb4d1_rw_3840d993.jpg]
[cdn.myportfolio.com/b8e13446-a72f-4a67-b5a5-563ac057183c/41d7eb7f-5dd7-4cee-9cf6-8173f26d61b0b10d.jpg]
[cdn.myportfolio.com/b8e13446-a72f-4a67-b5a5-563ac057183c/41d7eb7f-5dd7-4cee-9cf6-8173f26d61b0_rw_192037a7.jpg]
[cdn.myportfolio.com/b8e13446-a72f-4a67-b5a5-563ac057183c/02c5d471-2159-439c-a965-67a2bcb543f16eff.jpg]
[cdn.myportfolio.com/b8e13446-a72f-4a67-b5a5-563ac057183c/02c5d471-2159-439c-a965-67a2bcb543f1_rw_38400bf8.jpg]
[cdn.myportfolio.com/b8e13446-a72f-4a67-b5a5-563ac057183c/8cfe9c5d-43c5-46fd-8877-2789cfc5e00aaf56.jpg]
[cdn.myportfolio.com/b8e13446-a72f-4a67-b5a5-563ac057183c/8cfe9c5d-43c5-46fd-8877-2789cfc5e00a_rw_1920910b.jpg]
[cdn.myportfolio.com/b8e13446-a72f-4a67-b5a5-563ac057183c/fdb483dc-0f9c-42a2-a9c0-480851e6ec4cedf5.jpg]
[cdn.myportfolio.com/b8e13446-a72f-4a67-b5a5-563ac057183c/fdb483dc-0f9c-42a2-a9c0-480851e6ec4c_rw_3840841e.jpg]
[cdn.myportfolio.com/b8e13446-a72f-4a67-b5a5-563ac057183c/1448140b-61e5-464e-9a9f-eb4e6d535fa67ff9.jpg]
[cdn.myportfolio.com/b8e13446-a72f-4a67-b5a5-563ac057183c/1448140b-61e5-464e-9a9f-eb4e6d535fa6_rw_38406b32.jpg]
[cdn.myportfolio.com/b8e13446-a72f-4a67-b5a5-563ac057183c/9adadd7c-fad9-4c4a-b64d-67ec63da1a74dd22.jpg]
[cdn.myportfolio.com/b8e13446-a72f-4a67-b5a5-563ac057183c/9adadd7c-fad9-4c4a-b64d-67ec63da1a74_rw_38408a66.jpg]
[cdn.myportfolio.com/b8e13446-a72f-4a67-b5a5-563ac057183c/923f0657-37a9-4c97-a72f-23715b2e22fa113f.jpg]
[cdn.myportfolio.com/b8e13446-a72f-4a67-b5a5-563ac057183c/923f0657-37a9-4c97-a72f-23715b2e22fa_rw_384079de.jpg]
[cdn.myportfolio.com/b8e13446-a72f-4a67-b5a5-563ac057183c/b03fdecb-6d66-4410-9018-b284dd0140d6cba9.jpg]
[cdn.myportfolio.com/b8e13446-a72f-4a67-b5a5-563ac057183c/b03fdecb-6d66-4410-9018-b284dd0140d6_rw_3840217e.jpg]
[cdn.myportfolio.com/b8e13446-a72f-4a67-b5a5-563ac057183c/b049f970-51b1-48d4-b9c6-d0af84594bc93e21.jpg]
[cdn.myportfolio.com/b8e13446-a72f-4a67-b5a5-563ac057183c/b049f970-51b1-48d4-b9c6-d0af84594bc9_rw_3840bd2c.jpg]
[nguyenanhhao.com/dont-just-fcking-leave-me-alone-project.html]
[cdn.myportfolio.com/b8e13446-a72f-4a67-b5a5-563ac057183c/a068de94-0abd-4dd8-80d5-87dc81ebc0e0638b.jpg]
[cdn.myportfolio.com/b8e13446-a72f-4a67-b5a5-563ac057183c/a068de94-0abd-4dd8-80d5-87dc81ebc0e0_rw_19203d2e.jpg]
[cdn.myportfolio.com/b8e13446-a72f-4a67-b5a5-563ac057183c/ce6322e5-841c-4f5f-ad1f-eb4cd7f08bc37e6b.jpg]
[cdn.myportfolio.com/b8e13446-a72f-4a67-b5a5-563ac057183c/ce6322e5-841c-4f5f-ad1f-eb4cd7f08bc3_rw_19206292.jpg]
[cdn.myportfolio.com/b8e13446-a72f-4a67-b5a5-563ac057183c/2e99d3c7-d505-4fbd-b136-593b1a75a3683cd0.jpg]
[cdn.myportfolio.com/b8e13446-a72f-4a67-b5a5-563ac057183c/2e99d3c7-d505-4fbd-b136-593b1a75a368_rw_1920592f.jpg]
[cdn.myportfolio.com/b8e13446-a72f-4a67-b5a5-563ac057183c/1376b895-6c10-4f96-9360-b48b0e93646128b7.jpg]
[cdn.myportfolio.com/b8e13446-a72f-4a67-b5a5-563ac057183c/1376b895-6c10-4f96-9360-b48b0e936461_rw_38408df4.jpg]
[cdn.myportfolio.com/b8e13446-a72f-4a67-b5a5-563ac057183c/24c919d8-25dd-48a5-8c8f-ff857b14b08ff3c3.jpg]
[cdn.myportfolio.com/b8e13446-a72f-4a67-b5a5-563ac057183c/24c919d8-25dd-48a5-8c8f-ff857b14b08f_rw_38403b22.jpg]
[cdn.myportfolio.com/b8e13446-a72f-4a67-b5a5-563ac057183c/a0be8602-8c89-4888-828e-5859c3c92d522694.jpg]
[cdn.myportfolio.com/b8e13446-a72f-4a67-b5a5-563ac057183c/a0be8602-8c89-4888-828e-5859c3c92d52_rw_3840e29f.jpg]
[cdn.myportfolio.com/b8e13446-a72f-4a67-b5a5-563ac057183c/3af60715-3bf7-4d7d-b33a-5091ea16957e0a68.jpg]
[cdn.myportfolio.com/b8e13446-a72f-4a67-b5a5-563ac057183c/3af60715-3bf7-4d7d-b33a-5091ea16957e_rw_3840fc8f.jpg]
[cdn.myportfolio.com/b8e13446-a72f-4a67-b5a5-563ac057183c/aeca2ff0-5c23-4b8f-887d-b20887af83463359.jpg]
[cdn.myportfolio.com/b8e13446-a72f-4a67-b5a5-563ac057183c/aeca2ff0-5c23-4b8f-887d-b20887af8346_rw_38405cb3.jpg]
[cdn.myportfolio.com/b8e13446-a72f-4a67-b5a5-563ac057183c/7fa05b0c-86bc-44d0-b891-e2c601197a9553d1.jpg]
[cdn.myportfolio.com/b8e13446-a72f-4a67-b5a5-563ac057183c/7fa05b0c-86bc-44d0-b891-e2c601197a95_rw_3840e4b1.jpg]
[cdn.myportfolio.com/b8e13446-a72f-4a67-b5a5-563ac057183c/d3433526-8191-4f76-87b4-b2500fc0d2281e41.jpg]
[cdn.myportfolio.com/b8e13446-a72f-4a67-b5a5-563ac057183c/d3433526-8191-4f76-87b4-b2500fc0d228_rw_3840fb9d.jpg]
[cdn.myportfolio.com/b8e13446-a72f-4a67-b5a5-563ac057183c/db893e57-704b-4639-b2f8-d83d3bc339e67672.jpg]
[cdn.myportfolio.com/b8e13446-a72f-4a67-b5a5-563ac057183c/db893e57-704b-4639-b2f8-d83d3bc339e6_rw_3840b8a4.jpg]
[cdn.myportfolio.com/b8e13446-a72f-4a67-b5a5-563ac057183c/d0347466-33b2-45d6-b976-8bdb602e03815a4f.jpg]
[cdn.myportfolio.com/b8e13446-a72f-4a67-b5a5-563ac057183c/d0347466-33b2-45d6-b976-8bdb602e0381_rw_384081d0.jpg]
[cdn.myportfolio.com/b8e13446-a72f-4a67-b5a5-563ac057183c/03a9951e-2833-44ec-b7d7-98bb49ac32095cbd.jpg]
[cdn.myportfolio.com/b8e13446-a72f-4a67-b5a5-563ac057183c/03a9951e-2833-44ec-b7d7-98bb49ac3209_rw_3840e209.jpg]
[nguyenanhhao.com/tieng-set-ai-tinh-project.html]
[cdn.myportfolio.com/b8e13446-a72f-4a67-b5a5-563ac057183c/b35f50047fb692b46e828619b584ae971748971426db5f.css]
[cdn.myportfolio.com/b8e13446-a72f-4a67-b5a5-563ac057183c/717829a48b5fad64747b7bf2f577ae731748971426979a.css]
